[Licensing::Module] Trying to connect to existing licensing client channel...
[Licensing::IpcConnector] Channel LicenseClient-PC-54 doesn't exist
[Licensing::Module] Successfully launched the LicensingClient (PId: 44300)
[Licensing::IpcConnector] Successfully connected to: "LicenseClient-PC-54" at "2026-07-01T06:49:20.4226656Z"
[Licensing::Client] Code 10 while verifying Licensing Client signature (process Id: 44300, path: "C:/Program Files/Unity/Hub/Editor/2022.3.62f3/Editor/Data/Resources/Licensing/Client/Unity.Licensing.Client.exe")
[Licensing::Module] LicensingClient has failed validation; ignoring
[Licensing::Client] Handshaking with LicensingClient:
  Version:                 1.16.2+bdef8f5
  Session Id:              4be3269318194bf09bcbca0f8b35d3bd
  Correlation Id:          6c2b2bf48c7b327fdcc1feb4c6304df6
  External correlation Id: 2768445102738418502
  Machine Id:              6z7xG4lA7tnd6/+sdSgd0G/nB8I=
[Licensing::Module] Successfully connected to LicensingClient on channel: "LicenseClient-PC-54" (connect: 0.85s, validation: 0.05s, handshake: 0.07s)
[Licensing::IpcConnector] Successfully connected to: "LicenseClient-PC-54-notifications" at "2026-07-01T06:49:20.5469044Z"
[Licensing::Module] Connected to LicensingClient (PId: 44300, launch time: 0.02, total connection time: 0.98s)
[Licensing::Module] Error: Access token is unavailable; failed to update
[Licensing::Client] Successfully updated license
Built from '2022.3/respin/2022.3.62f2-4af31df585-v2' branch; Version is '2022.3.62f3 (96770f904ca7) revision 9860879'; Using compiler version '192829333'; Build Type 'Release'
OS: 'Windows 11  (10.0.26200) 64bit Professional' Language: 'ko' Physical Memory: 32405 MB
[Licensing::Client] Successfully resolved entitlement details
[Licensing::Module] Serial number assigned to: "14569687781412-stoic-program-UnityPrXXXX"
BatchMode: 1, IsHumanControllingUs: 0, StartBugReporterOnCrash: 0, Is64bit: 1, IsPro: 1
[Licensing::Client] Successfully resolved entitlement details

COMMAND LINE ARGUMENTS:
C:\Program Files\Unity\Hub\Editor\2022.3.62f3\Editor\Unity.exe
-batchmode
-projectPath
C:\Development\12_NIKKE
-executeMethod
CommandLineEditModeTestRunner.Run
-logFile
C:\Development\12_NIKKE\_temp\editmode-final-pass.log
Successfully changed project path to: C:\Development\12_NIKKE
C:/Development/12_NIKKE
[UnityMemory] Configuration Parameters - Can be set up in boot.config
    "memorysetup-bucket-allocator-granularity=16"
    "memorysetup-bucket-allocator-bucket-count=8"
    "memorysetup-bucket-allocator-block-size=33554432"
    "memorysetup-bucket-allocator-block-count=8"
    "memorysetup-main-allocator-block-size=16777216"
    "memorysetup-thread-allocator-block-size=16777216"
    "memorysetup-gfx-main-allocator-block-size=16777216"
    "memorysetup-gfx-thread-allocator-block-size=16777216"
    "memorysetup-cache-allocator-block-size=4194304"
    "memorysetup-typetree-allocator-block-size=2097152"
    "memorysetup-profiler-bucket-allocator-granularity=16"
    "memorysetup-profiler-bucket-allocator-bucket-count=8"
    "memorysetup-profiler-bucket-allocator-block-size=33554432"
    "memorysetup-profiler-bucket-allocator-block-count=8"
    "memorysetup-profiler-allocator-block-size=16777216"
    "memorysetup-profiler-editor-allocator-block-size=1048576"
    "memorysetup-temp-allocator-size-main=16777216"
    "memorysetup-job-temp-allocator-block-size=2097152"
    "memorysetup-job-temp-allocator-block-size-background=1048576"
    "memorysetup-job-temp-allocator-reduction-small-platforms=262144"
    "memorysetup-allocator-temp-initial-block-size-main=262144"
    "memorysetup-allocator-temp-initial-block-size-worker=262144"
    "memorysetup-temp-allocator-size-background-worker=32768"
    "memorysetup-temp-allocator-size-job-worker=262144"
    "memorysetup-temp-allocator-size-preload-manager=33554432"
    "memorysetup-temp-allocator-size-nav-mesh-worker=65536"
    "memorysetup-temp-allocator-size-audio-worker=65536"
    "memorysetup-temp-allocator-size-cloud-worker=32768"
    "memorysetup-temp-allocator-size-gi-baking-worker=262144"
    "memorysetup-temp-allocator-size-gfx=262144"
Player connection [2928]  Target information:

Player connection [2928]  * "[IP] 192.168.0.55 [Port] 55504 [Flags] 2 [Guid] 3265414862 [EditorId] 3265414862 [Version] 1048832 [Id] WindowsEditor(7,S2309-PC-54) [Debug] 1 [PackageName] WindowsEditor [ProjectName] Editor" 

Player connection [2928] Host joined multi-casting on [225.0.0.222:54997]...
Player connection [2928] Host joined alternative multi-casting on [225.0.0.222:34997]...
Input System module state changed to: Initialized.
[PhysX] Initialized MultithreadedTaskDispatcher with 12 workers.
[Package Manager] UpmClient::Connect -- Connected to IPC stream "Upm-33824" after 0.3 seconds.
[Package Manager] Restoring resolved packages state from cache
[Licensing::Client] Successfully resolved entitlement details
[Package Manager] Registered 35 packages:
  Packages from [https://packages.unity.com]:
    com.unity.test-framework@1.1.33 (location: C:\Development\12_NIKKE\Library\PackageCache\com.unity.test-framework@1.1.33)
    com.unity.ext.nunit@1.0.6 (location: C:\Development\12_NIKKE\Library\PackageCache\com.unity.ext.nunit@1.0.6)
  Built-in packages:
    com.unity.ugui@1.0.0 (location: C:\Development\12_NIKKE\Library\PackageCache\com.unity.ugui@1.0.0)
    com.unity.modules.ai@1.0.0 (location: C:\Development\12_NIKKE\Library\PackageCache\com.unity.modules.ai@1.0.0)
    com.unity.modules.androidjni@1.0.0 (location: C:\Development\12_NIKKE\Library\PackageCache\com.unity.modules.androidjni@1.0.0)
    com.unity.modules.animation@1.0.0 (location: C:\Development\12_NIKKE\Library\PackageCache\com.unity.modules.animation@1.0.0)
    com.unity.modules.assetbundle@1.0.0 (location: C:\Development\12_NIKKE\Library\PackageCache\com.unity.modules.assetbundle@1.0.0)
    com.unity.modules.audio@1.0.0 (location: C:\Development\12_NIKKE\Library\PackageCache\com.unity.modules.audio@1.0.0)
    com.unity.modules.cloth@1.0.0 (location: C:\Development\12_NIKKE\Library\PackageCache\com.unity.modules.cloth@1.0.0)
    com.unity.modules.director@1.0.0 (location: C:\Development\12_NIKKE\Library\PackageCache\com.unity.modules.director@1.0.0)
    com.unity.modules.imageconversion@1.0.0 (location: C:\Development\12_NIKKE\Library\PackageCache\com.unity.modules.imageconversion@1.0.0)
    com.unity.modules.imgui@1.0.0 (location: C:\Development\12_NIKKE\Library\PackageCache\com.unity.modules.imgui@1.0.0)
    com.unity.modules.jsonserialize@1.0.0 (location: C:\Development\12_NIKKE\Library\PackageCache\com.unity.modules.jsonserialize@1.0.0)
    com.unity.modules.particlesystem@1.0.0 (location: C:\Development\12_NIKKE\Library\PackageCache\com.unity.modules.particlesystem@1.0.0)
    com.unity.modules.physics@1.0.0 (location: C:\Development\12_NIKKE\Library\PackageCache\com.unity.modules.physics@1.0.0)
    com.unity.modules.physics2d@1.0.0 (location: C:\Development\12_NIKKE\Library\PackageCache\com.unity.modules.physics2d@1.0.0)
    com.unity.modules.screencapture@1.0.0 (location: C:\Development\12_NIKKE\Library\PackageCache\com.unity.modules.screencapture@1.0.0)
    com.unity.modules.terrain@1.0.0 (location: C:\Development\12_NIKKE\Library\PackageCache\com.unity.modules.terrain@1.0.0)
    com.unity.modules.terrainphysics@1.0.0 (location: C:\Development\12_NIKKE\Library\PackageCache\com.unity.modules.terrainphysics@1.0.0)
    com.unity.modules.tilemap@1.0.0 (location: C:\Development\12_NIKKE\Library\PackageCache\com.unity.modules.tilemap@1.0.0)
    com.unity.modules.ui@1.0.0 (location: C:\Development\12_NIKKE\Library\PackageCache\com.unity.modules.ui@1.0.0)
    com.unity.modules.uielements@1.0.0 (location: C:\Development\12_NIKKE\Library\PackageCache\com.unity.modules.uielements@1.0.0)
    com.unity.modules.umbra@1.0.0 (location: C:\Development\12_NIKKE\Library\PackageCache\com.unity.modules.umbra@1.0.0)
    com.unity.modules.unityanalytics@1.0.0 (location: C:\Development\12_NIKKE\Library\PackageCache\com.unity.modules.unityanalytics@1.0.0)
    com.unity.modules.unitywebrequest@1.0.0 (location: C:\Development\12_NIKKE\Library\PackageCache\com.unity.modules.unitywebrequest@1.0.0)
    com.unity.modules.unitywebrequestassetbundle@1.0.0 (location: C:\Development\12_NIKKE\Library\PackageCache\com.unity.modules.unitywebrequestassetbundle@1.0.0)
    com.unity.modules.unitywebrequestaudio@1.0.0 (location: C:\Development\12_NIKKE\Library\PackageCache\com.unity.modules.unitywebrequestaudio@1.0.0)
    com.unity.modules.unitywebrequesttexture@1.0.0 (location: C:\Development\12_NIKKE\Library\PackageCache\com.unity.modules.unitywebrequesttexture@1.0.0)
    com.unity.modules.unitywebrequestwww@1.0.0 (location: C:\Development\12_NIKKE\Library\PackageCache\com.unity.modules.unitywebrequestwww@1.0.0)
    com.unity.modules.vehicles@1.0.0 (location: C:\Development\12_NIKKE\Library\PackageCache\com.unity.modules.vehicles@1.0.0)
    com.unity.modules.video@1.0.0 (location: C:\Development\12_NIKKE\Library\PackageCache\com.unity.modules.video@1.0.0)
    com.unity.modules.vr@1.0.0 (location: C:\Development\12_NIKKE\Library\PackageCache\com.unity.modules.vr@1.0.0)
    com.unity.modules.wind@1.0.0 (location: C:\Development\12_NIKKE\Library\PackageCache\com.unity.modules.wind@1.0.0)
    com.unity.modules.xr@1.0.0 (location: C:\Development\12_NIKKE\Library\PackageCache\com.unity.modules.xr@1.0.0)
    com.unity.modules.subsystems@1.0.0 (location: C:\Development\12_NIKKE\Library\PackageCache\com.unity.modules.subsystems@1.0.0)
[Subsystems] No new subsystems found in resolved package list.
Package Manager log level set to [2]
[Package Manager] Done registering packages in 0.10 seconds
Refreshing native plugins compatible for Editor in 1.57 ms, found 0 plugins.
Preloading 0 native plugins for Editor in 0.00 ms.
Initialize engine version: 2022.3.62f3 (96770f904ca7)
[Subsystems] Discovering subsystems at path C:/Program Files/Unity/Hub/Editor/2022.3.62f3/Editor/Data/Resources/UnitySubsystems
[Subsystems] Discovering subsystems at path C:/Development/12_NIKKE/Assets
GfxDevice: creating device client; threaded=0; jobified=0
Direct3D:
    Version:  Direct3D 11.0 [level 11.1]
    Renderer: NVIDIA GeForce RTX 4060 Ti (ID=0x2803)
    Vendor:   NVIDIA
    VRAM:     7949 MB
    Driver:   32.0.15.8180
[Licensing::Client] Successfully resolved entitlement details
Initialize mono
Mono path[0] = 'C:/Program Files/Unity/Hub/Editor/2022.3.62f3/Editor/Data/Managed'
Mono path[1] = 'C:/Program Files/Unity/Hub/Editor/2022.3.62f3/Editor/Data/MonoBleedingEdge/lib/mono/unityjit-win32'
Mono config path = 'C:/Program Files/Unity/Hub/Editor/2022.3.62f3/Editor/Data/MonoBleedingEdge/etc'
Using monoOptions --debugger-agent=transport=dt_socket,embedding=1,server=y,suspend=n,address=127.0.0.1:56824
Using cacheserver namespaces - metadata:defaultmetadata, artifacts:defaultartifacts
Using cacheserver namespaces - metadata:defaultmetadata, artifacts:defaultartifacts
ImportWorker Server TCP listen port: 0
Begin MonoManager ReloadAssembly
Registering precompiled unity dll's ...
Register platform support module: C:/Program Files/Unity/Hub/Editor/2022.3.62f3/Editor/Data/PlaybackEngines/WebGLSupport/UnityEditor.WebGL.Extensions.dll
[Licensing::Client] Successfully resolved entitlement details
Register platform support module: C:/Program Files/Unity/Hub/Editor/2022.3.62f3/Editor/Data/PlaybackEngines/AndroidPlayer/UnityEditor.Android.Extensions.dll
Register platform support module: C:/Program Files/Unity/Hub/Editor/2022.3.62f3/Editor/Data/PlaybackEngines/WindowsStandaloneSupport/UnityEditor.WindowsStandalone.Extensions.dll
Registered in 0.028538 seconds.
- Loaded All Assemblies, in  0.343 seconds
Native extension for WindowsStandalone target not found
Native extension for Android target not found
Android Extension - Scanning For ADB Devices 5203 ms
Native extension for WebGL target not found
Mono: successfully reloaded assembly
- Finished resetting the current domain, in  5.446 seconds
Domain Reload Profiling: 5779ms
	BeginReloadAssembly (100ms)
		ExecutionOrderSort (0ms)
		DisableScriptedObjects (0ms)
		BackupInstance (0ms)
		ReleaseScriptingObjects (0ms)
		CreateAndSetChildDomain (1ms)
	RebuildCommonClasses (24ms)
	RebuildNativeTypeToScriptingClass (8ms)
	initialDomainReloadingComplete (84ms)
	LoadAllAssembliesAndSetupDomain (117ms)
		LoadAssemblies (91ms)
		RebuildTransferFunctionScriptingTraits (0ms)
		AnalyzeDomain (113ms)
			TypeCache.Refresh (112ms)
				TypeCache.ScanAssembly (101ms)
			ScanForSourceGeneratedMonoScriptInfo (0ms)
			ResolveRequiredComponents (1ms)
	FinalizeReload (5446ms)
		ReleaseScriptCaches (0ms)
		RebuildScriptCaches (0ms)
		SetupLoadedEditorAssemblies (5413ms)
			LogAssemblyErrors (0ms)
			InitializePlatformSupportModulesInManaged (5278ms)
			SetLoadedEditorAssemblies (3ms)
			RefreshPlugins (0ms)
			BeforeProcessingInitializeOnLoad (1ms)
			ProcessInitializeOnLoadAttributes (88ms)
			ProcessInitializeOnLoadMethodAttributes (43ms)
			AfterProcessingInitializeOnLoad (0ms)
			EditorAssembliesLoaded (0ms)
		ExecutionOrderSort2 (0ms)
		AwakeInstancesAfterBackupRestoration (0ms)
[Licensing::Client] Successfully resolved entitlement details
Application.AssetDatabase Initial Refresh Start
[ScriptCompilation] Requested script compilation because: Assetdatabase observed changes in script compilation related files
info: Microsoft.Hosting.Lifetime[14]
      Now listening on: http://localhost:80
info: Microsoft.Hosting.Lifetime[0]
      Application started. Press Ctrl+C to shut down.
info: Microsoft.Hosting.Lifetime[0]
      Hosting environment: Production
info: Microsoft.Hosting.Lifetime[0]
      Content root path: C:\Development\12_NIKKE\
info: Microsoft.AspNetCore.Hosting.Diagnostics[1]
      Request starting HTTP/2 POST http://ilpp/UnityILPP.PostProcessing/Ping application/grpc -
info: Microsoft.AspNetCore.Routing.EndpointMiddleware[0]
      Executing endpoint 'gRPC - /UnityILPP.PostProcessing/Ping'
info: Microsoft.AspNetCore.Routing.EndpointMiddleware[1]
      Executed endpoint 'gRPC - /UnityILPP.PostProcessing/Ping'
info: Microsoft.AspNetCore.Hosting.Diagnostics[2]
      Request finished HTTP/2 POST http://ilpp/UnityILPP.PostProcessing/Ping application/grpc - - 200 - application/grpc 34.8763ms
Starting: C:\Program Files\Unity\Hub\Editor\2022.3.62f3\Editor\Data\bee_backend.exe --ipc --defer-dag-verification --dagfile="Library/Bee/1900b0aE.dag" --continue-on-failure --profile="Library/Bee/backend1.traceevents" ScriptAssemblies
WorkingDir: C:/Development/12_NIKKE
DisplayProgressbar: Compiling Scripts
ExitCode: 0 Duration: 1s268ms
[149/152    1s] Csc Library/Bee/artifacts/1900b0aE.dag/SquadVsMonster.Tests.EditMode.dll (+2 others)
[150/152    0s] CopyFiles Library/ScriptAssemblies/SquadVsMonster.Tests.EditMode.pdb
[151/152    0s] CopyFiles Library/ScriptAssemblies/SquadVsMonster.Tests.EditMode.dll
*** Tundra build success (1.22 seconds), 3 items updated, 152 evaluated
AssetDatabase: script compilation time: 1.865810s
Begin MonoManager ReloadAssembly
- Loaded All Assemblies, in  0.471 seconds
Refreshing native plugins compatible for Editor in 0.69 ms, found 0 plugins.
Preloading 0 native plugins for Editor in 0.00 ms.
Total cache size 266438615
Total cache size after purge 266438615
Start importing Assets/Tests/EditMode/CombatAdvisorLogicTests.cs using Guid(cd9f7d11b6bd670499ac620d2f236c45) Importer(-1,00000000000000000000000000000000) [PhysX] Initialized MultithreadedTaskDispatcher with 12 workers.
 -> (artifact id: '00c4ac51ecd9bca8af5219b3bdce6388') in 0.015173 seconds
Refreshing native plugins compatible for Editor in 0.80 ms, found 0 plugins.
Native extension for WindowsStandalone target not found
Native extension for Android target not found
Native extension for WebGL target not found
Mono: successfully reloaded assembly
- Finished resetting the current domain, in  0.408 seconds
Domain Reload Profiling: 864ms
	BeginReloadAssembly (171ms)
		ExecutionOrderSort (0ms)
		DisableScriptedObjects (8ms)
		BackupInstance (0ms)
		ReleaseScriptingObjects (0ms)
		CreateAndSetChildDomain (32ms)
	RebuildCommonClasses (29ms)
	RebuildNativeTypeToScriptingClass (10ms)
	initialDomainReloadingComplete (56ms)
	LoadAllAssembliesAndSetupDomain (189ms)
		LoadAssemblies (238ms)
		RebuildTransferFunctionScriptingTraits (0ms)
		AnalyzeDomain (30ms)
			TypeCache.Refresh (25ms)
				TypeCache.ScanAssembly (20ms)
			ScanForSourceGeneratedMonoScriptInfo (3ms)
			ResolveRequiredComponents (2ms)
	FinalizeReload (408ms)
		ReleaseScriptCaches (0ms)
		RebuildScriptCaches (0ms)
		SetupLoadedEditorAssemblies (295ms)
			LogAssemblyErrors (0ms)
			InitializePlatformSupportModulesInManaged (26ms)
			SetLoadedEditorAssemblies (4ms)
			RefreshPlugins (0ms)
			BeforeProcessingInitializeOnLoad (66ms)
			ProcessInitializeOnLoadAttributes (149ms)
			ProcessInitializeOnLoadMethodAttributes (19ms)
			AfterProcessingInitializeOnLoad (31ms)
			EditorAssembliesLoaded (0ms)
		ExecutionOrderSort2 (0ms)
		AwakeInstancesAfterBackupRestoration (13ms)
Refreshing native plugins compatible for Editor in 0.60 ms, found 0 plugins.
Preloading 0 native plugins for Editor in 0.00 ms.
Asset Pipeline Refresh (id=dbbb52a4a7b21384f95b92716c882def): Total: 3.303 seconds - Initiated by InitialRefreshV2(ForceSynchronousImport)
	Summary:
		Imports: total=1 (actual=1, local cache=0, cache server=0)
		Asset DB Process Time: managed=1 ms, native=422 ms
		Asset DB Callback time: managed=37 ms, native=4 ms
		Scripting: domain reloads=1, domain reload time=938 ms, compile time=1867 ms, other=31 ms
		Project Asset Count: scripts=764, non-scripts=220
		Asset File Changes: new=0, changed=1, moved=0, deleted=0
		Scan Filter Count: 0
	InvokeBeforeRefreshCallbacks: 2.089ms
	ApplyChangesToAssetFolders: 0.032ms
	Scan: 20.279ms
	OnSourceAssetsModified: 2.089ms
	GetAllGuidsForCategorization: 0.149ms
	CategorizeAssets: 14.333ms
	ImportOutOfDateAssets: 435.077ms (-1457.724ms without children)
		ImportManagerImport: 21.037ms (5.568ms without children)
			ImportInProcess: 15.442ms
			UpdateCategorizedAssets: 0.027ms
		CompileScripts: 1867.217ms
		ReloadNativeAssets: 0.001ms
		UnloadImportedAssets: 3.563ms
		ReloadImportedAssets: 0.547ms
		EnsureUptoDateAssetsAreRegisteredWithGuidPM: 0.210ms
		InitializingProgressBar: 0.006ms
		PostProcessAllAssetNotificationsAddChangedAssets: 0.000ms
		OnDemandSchedulerStart: 0.220ms
	PostProcessAllAssets: 36.977ms
	Hotreload: 1.022ms
	GatherAllCurrentPrimaryArtifactRevisions: 0.001ms
	UnloadStreamsBegin: 0.377ms
	PersistCurrentRevisions: 0.088ms
	UnloadStreamsEnd: 0.004ms
	GenerateScriptTypeHashes: 0.088ms
	Untracked: 2790.170ms
Application.AssetDatabase Initial Refresh End
Launched and connected shader compiler UnityShaderCompiler.exe after 0.05 seconds
Scanning for USB devices : 12.109ms
Initializing Unity extensions:
[Licensing::Client] Successfully resolved entitlement details
[MODES] ModeService[none].Initialize
[MODES] ModeService[none].LoadModes
[MODES] Loading mode Default (0) for mode-current-id-SquadVsMonster
[PhysX] Initialized MultithreadedTaskDispatcher with 12 workers.
ProgressiveSceneManager::Cancel()
Unloading 3 Unused Serialized files (Serialized files now loaded: 0)
Unloading 20 unused Assets / (470.4 KB). Loaded Objects now: 1073.
Memory consumption went from 87.2 MB to 86.7 MB.
Total: 2.625500 ms (FindLiveObjects: 0.113200 ms CreateObjectMapping: 0.020500 ms MarkObjects: 2.245200 ms  DeleteObjects: 0.245900 ms)

[Project] Loading completed in 13.814 seconds
	Project init time: 				10.553 seconds
		Template init time: 		0.000 seconds
		Package Manager init time: 		0.340 seconds
		Asset Database init time: 		0.197 seconds
		Global illumination init time: 	0.005 seconds
		Assemblies load time: 			5.824 seconds
		Unity extensions init time: 	0.001 seconds
		Asset Database refresh time: 	0.000 seconds
	Scene opening time: 			1.045 seconds
##utp:{"type":"ProjectInfo","version":2,"phase":"Immediate","time":1782888573345,"processId":33824,"projectLoad":13.8144037,"projectInit":10.5525779,"templateInit":0.0,"packageManagerInit":0.3402221,"assetDatabaseInit":0.1965108,"globalIlluminationInit":0.0050516,"assembliesLoad":5.8242098,"unityExtensionsInit":0.0007928,"assetDatabaseRefresh":0.0,"sceneOpening":1.045318}
##utp:{"type":"EditorInfo","version":2,"phase":"Immediate","time":1782888573345,"processId":33824,"editorVersion":"2022.3.62f3 (96770f904ca7)","branch":"2022.3/respin/2022.3.62f2-4af31df585-v2","buildType":"Release","platform":"Windows"}
[UnityConnectServicesConfig] config is NOT valid, switching to default
Created GICache directory at C:/Users/오진우/AppData/LocalLow/Unity/Caches/GiCache. Took: 0.035s, timestamps: [13.825 - 13.860]
gi::BakeBackendSwitch: switching bake backend from 3 to 1.
[00:00:00] Builtin Sky manager started.
[00:00:00] Finished 1 Bake Ambient Probe job (0.00s execute, 0.00s integrate, 0.05s wallclock)
[PhysX] Initialized MultithreadedTaskDispatcher with 12 workers.
Unloading 1 Unused Serialized files (Serialized files now loaded: 0)
Unloading 0 unused Assets / (0 B). Loaded Objects now: 1093.
Memory consumption went from 85.9 MB to 85.9 MB.
Total: 2.367200 ms (FindLiveObjects: 0.040500 ms CreateObjectMapping: 0.009200 ms MarkObjects: 2.314300 ms  DeleteObjects: 0.003000 ms)

[00:00:00] Finished 1 Bake Ambient Probe job (0.00s execute, 0.00s integrate, 0.07s wallclock)
DisplayProgressbar: Test Runner
Opening scene 'Assets/Scenes/Game.unity'
[PhysX] Initialized MultithreadedTaskDispatcher with 12 workers.
Unloading 22 Unused Serialized files (Serialized files now loaded: 0)
Loaded scene 'Assets/Scenes/Game.unity'
	Deserialize:            30.847 ms
	Integration:            39.890 ms
	Integration of assets:  24.677 ms
	Thread Wait Time:       0.027 ms
	Total Operation Time:   95.441 ms
Unloading 1 unused Assets / (0.5 KB). Loaded Objects now: 1854.
Memory consumption went from 150.3 MB to 150.3 MB.
Total: 3.300800 ms (FindLiveObjects: 0.206900 ms CreateObjectMapping: 0.018100 ms MarkObjects: 3.062300 ms  DeleteObjects: 0.012900 ms)

[PhysX] Initialized MultithreadedTaskDispatcher with 12 workers.
Unloading 11 Unused Serialized files (Serialized files now loaded: 0)
Unloading 65 unused Assets / (203.2 KB). Loaded Objects now: 1100.
Memory consumption went from 153.7 MB to 153.5 MB.
Total: 2.987100 ms (FindLiveObjects: 0.049400 ms CreateObjectMapping: 0.010400 ms MarkObjects: 2.779900 ms  DeleteObjects: 0.146700 ms)

Killing ADB server in 0.0656825 seconds.
Start importing ProjectSettings/ProjectSettings.asset using Guid(00000000000000004000000000000000) Importer(-1,00000000000000000000000000000000) [PhysX] Initialized MultithreadedTaskDispatcher with 12 workers.
 -> (artifact id: '5ba51ed4db06d34dad3fc2664601e6aa') in 0.005475 seconds
Refreshing native plugins compatible for Editor in 0.85 ms, found 0 plugins.
Preloading 0 native plugins for Editor in 0.00 ms.
Asset Pipeline Refresh (id=4ba157aad2fe3da478b5ca435e96bc83): Total: 0.017 seconds - Initiated by StopAssetImportingV2(NoUpdateAssetOptions)
[PhysX] Initialized MultithreadedTaskDispatcher with 12 workers.
Input System module state changed to: ShutdownInProgress.
Input System polling thread exited.
Input System module state changed to: Shutdown.
[Licensing::IpcConnector] LicenseClient-PC-54-notifications channel disconnected successfully.
[Licensing::IpcConnector] LicenseClient-PC-54 channel disconnected successfully.
Cleanup mono
abort_threads: Failed aborting id: 000000000000AA78, mono_thread_manage will ignore it

abort_threads: Failed aborting id: 00000000000088B8, mono_thread_manage will ignore it

abort_threads: Failed aborting id: 000000000000AA78, mono_thread_manage will ignore it

abort_threads: Failed aborting id: 00000000000088B8, mono_thread_manage will ignore it

debugger-agent: Unable to listen on 5128
[Performance] WinEditorMain                                                                                                  :        1 samples, Peak.  2.15 s (1.0x), Avg.  2.15 s, Total. 2.152 s (14.4%)
[Performance] WinEditorMain.ConfigureCrashHandler                                                                            :        1 samples, Peak.  26.0 us (1.0x), Avg.  26.0 us, Total. 26.00 us (0.0%)
[Performance] WinEditorMain.CurlRequestInitialize                                                                            :        1 samples, Peak.  2.15 ms (1.0x), Avg.  2.15 ms, Total. 2.146 ms (0.0%)
[Performance] WinEditorMain.SetupLogFile                                                                                     :        1 samples, Peak.   378 us (1.0x), Avg.   378 us, Total. 377.6 us (0.0%)
[Performance] WinEditorMain.RunNativeTestsIfRequiredAndExit                                                                  :        1 samples, Peak.   100 ns (1.0x), Avg.   100 ns, Total. 100.0 ns (0.0%)
[Performance] WinEditorMain.Licensing                                                                                        :        1 samples, Peak.  2.10 s (1.0x), Avg.  2.10 s, Total. 2.101 s (14.1%)
[Performance] WinEditorMain.InitializeCrashHandler                                                                           :        1 samples, Peak.  25.2 ms (1.0x), Avg.  25.2 ms, Total. 25.24 ms (0.2%)
[Performance] WinEditorMain.CreateApplication                                                                                :        1 samples, Peak.  17.8 ms (1.0x), Avg.  17.8 ms, Total. 17.76 ms (0.1%)
[Performance] Application.InitializeProject                                                                                  :        1 samples, Peak.  10.6 s (1.0x), Avg.  10.6 s, Total. 10.55 s (70.7%)
[Performance] Application.PackageManager.StartServer                                                                         :        1 samples, Peak.  13.5 ms (1.0x), Avg.  13.5 ms, Total. 13.46 ms (0.1%)
[Performance] Application.AcquireProjectLock                                                                                 :        1 samples, Peak.  8.23 ms (1.0x), Avg.  8.23 ms, Total. 8.233 ms (0.1%)
[Performance] Application.InitializeEngineNoGraphics                                                                         :        1 samples, Peak.  73.4 ms (1.0x), Avg.  73.4 ms, Total. 73.39 ms (0.5%)
[Performance] Application.PackageManager.Initialize                                                                          :        1 samples, Peak.   340 ms (1.0x), Avg.   340 ms, Total. 340.2 ms (2.3%)
[Performance] Connecting to Package Manager                                                                                  :       35 samples, Peak.   152 us (23.6x), Avg.  6.44 us, Total. 225.3 us (0.0%)
[Performance] Application.EngineGraphics.Initialize                                                                          :        1 samples, Peak.   276 ms (1.0x), Avg.   276 ms, Total. 276.4 ms (1.9%)
[Performance] Application.GI.Initialize                                                                                      :        1 samples, Peak.  5.05 ms (1.0x), Avg.  5.05 ms, Total. 5.054 ms (0.0%)
[Performance] Application.LoadAllDefaultResourcesFromEditor                                                                  :        1 samples, Peak.  2.01 ms (1.0x), Avg.  2.01 ms, Total. 2.012 ms (0.0%)
[Performance] Application.LoadMonoAssemblies                                                                                 :        1 samples, Peak.  5.82 s (1.0x), Avg.  5.82 s, Total. 5.824 s (39.0%)
[Performance] RestoreManagedReferences                                                                                       :        2 samples, Peak.  43.8 ms (2.0x), Avg.  21.9 ms, Total. 43.82 ms (0.3%)
[Performance] InitializeOnLoad DrivenRectTransformUndo                                                                       :        2 samples, Peak.   341 us (1.1x), Avg.   305 us, Total. 609.6 us (0.0%)
[Performance] InitializeOnLoad SceneSearch                                                                                   :        2 samples, Peak.   121 us (1.3x), Avg.  95.1 us, Total. 190.2 us (0.0%)
[Performance] InitializeOnLoad CloudBuild                                                                                    :        2 samples, Peak.  5.50 us (1.3x), Avg.  4.15 us, Total. 8.300 us (0.0%)
[Performance] InitializeOnLoad NativeFormatImporterUtility                                                                   :        2 samples, Peak.  2.41 ms (1.2x), Avg.  2.00 ms, Total. 4.002 ms (0.0%)
[Performance] InitializeOnLoad SearchService                                                                                 :        2 samples, Peak.   145 us (1.3x), Avg.   111 us, Total. 221.1 us (0.0%)
[Performance] InitializeOnLoad SettingsService                                                                               :        2 samples, Peak.  12.7 us (1.5x), Avg.  8.40 us, Total. 16.80 us (0.0%)
[Performance] InitializeOnLoad WindowLayout                                                                                  :        2 samples, Peak.   328 us (1.4x), Avg.   241 us, Total. 482.3 us (0.0%)
[Performance] InitializeOnLoad AssetStoreContext                                                                             :        2 samples, Peak.  22.9 ms (1.7x), Avg.  13.2 ms, Total. 26.39 ms (0.2%)
[Performance] InitializeOnLoad PoolManager                                                                                   :        2 samples, Peak.   603 us (1.1x), Avg.   539 us, Total. 1.077 ms (0.0%)
[Performance] InitializeOnLoad MixerEffectDefinitionReloader                                                                 :        2 samples, Peak.  1.83 ms (1.1x), Avg.  1.72 ms, Total. 3.444 ms (0.0%)
[Performance] InitializeOnLoad ProjectSearch                                                                                 :        2 samples, Peak.  64.8 us (1.1x), Avg.  60.5 us, Total. 121.0 us (0.0%)
[Performance] InitializeOnLoad UISystemProfilerRenderService                                                                 :        2 samples, Peak.  10.5 us (1.1x), Avg.  9.35 us, Total. 18.70 us (0.0%)
[Performance] InitializeOnLoad EditMode                                                                                      :        2 samples, Peak.   378 us (1.1x), Avg.   339 us, Total. 678.7 us (0.0%)
[Performance] InitializeOnLoad UnityConnect                                                                                  :        2 samples, Peak.  39.8 us (1.0x), Avg.  37.9 us, Total. 75.90 us (0.0%)
[Performance] InitializeOnLoad ManagedDebugger                                                                               :        2 samples, Peak.   558 us (1.0x), Avg.   539 us, Total. 1.078 ms (0.0%)
[Performance] InitializeOnLoad ShortcutIntegration                                                                           :        2 samples, Peak.  48.8 us (1.1x), Avg.  44.7 us, Total. 89.30 us (0.0%)
[Performance] InitializeOnLoad AddComponentWindow                                                                            :        2 samples, Peak.  95.2 us (1.2x), Avg.  80.7 us, Total. 161.3 us (0.0%)
[Performance] InitializeOnLoad ManagedDebuggerWindow                                                                         :        2 samples, Peak.   124 us (1.2x), Avg.   104 us, Total. 207.1 us (0.0%)
[Performance] InitializeOnLoad CacheServerWindow                                                                             :        2 samples, Peak.  10.5 us (1.4x), Avg.  7.35 us, Total. 14.70 us (0.0%)
[Performance] InitializeOnLoad PlayModeDownload                                                                              :        2 samples, Peak.  4.26 ms (2.0x), Avg.  2.18 ms, Total. 4.356 ms (0.0%)
[Performance] InitializeOnLoad MenuItems                                                                                     :        2 samples, Peak.  75.2 us (1.1x), Avg.  65.6 us, Total. 131.1 us (0.0%)
[Performance] InitializeOnLoad PrefabInstanceChangedListener                                                                 :        2 samples, Peak.  91.0 us (1.0x), Avg.  90.9 us, Total. 181.8 us (0.0%)
[Performance] InitializeOnLoad ObjectSelectorSearch                                                                          :        2 samples, Peak.  29.8 us (1.1x), Avg.  27.2 us, Total. 54.30 us (0.0%)
[Performance] InitializeOnLoad EditorMonitor                                                                                 :        2 samples, Peak.   496 us (1.2x), Avg.   398 us, Total. 795.6 us (0.0%)
[Performance] InitializeOnLoad RetainedMode                                                                                  :        2 samples, Peak.  2.85 ms (1.3x), Avg.  2.20 ms, Total. 4.405 ms (0.0%)
[Performance] InitializeOnLoad EditorShaderLoader                                                                            :        2 samples, Peak.   715 us (1.2x), Avg.   582 us, Total. 1.164 ms (0.0%)
[Performance] InitializeOnLoad EditorDelegateRegistration                                                                    :        2 samples, Peak.   659 us (1.4x), Avg.   462 us, Total. 924.8 us (0.0%)
[Performance] InitializeOnLoad UIDocumentHierarchyWatcher                                                                    :        2 samples, Peak.   196 us (1.6x), Avg.   123 us, Total. 245.8 us (0.0%)
[Performance] InitializeOnLoad LiveReloadTrackerCreator                                                                      :        2 samples, Peak.   307 us (1.6x), Avg.   198 us, Total. 396.1 us (0.0%)
[Performance] InitializeOnLoad UxmlObjectEditorFactories                                                                     :        2 samples, Peak.   642 us (1.3x), Avg.   480 us, Total. 960.3 us (0.0%)
[Performance] InitializeOnLoad UXMLEditorFactories                                                                           :        2 samples, Peak.  70.9 ms (1.2x), Avg.  58.5 ms, Total. 117.0 ms (0.8%)
[Performance] InitializeOnLoad PurchasingService                                                                             :        2 samples, Peak.  7.31 ms (1.2x), Avg.  6.16 ms, Total. 12.32 ms (0.1%)
[Performance] InitializeOnLoad CloudBuildPoller                                                                              :        2 samples, Peak.   124 us (1.1x), Avg.   113 us, Total. 226.2 us (0.0%)
[Performance] InitializeOnLoad EditorGameServicesAnalytics                                                                   :        2 samples, Peak.  1.38 ms (1.2x), Avg.  1.16 ms, Total. 2.327 ms (0.0%)
[Performance] InitializeOnLoad AnalyticsService                                                                              :        2 samples, Peak.   201 us (1.3x), Avg.   160 us, Total. 320.0 us (0.0%)
[Performance] InitializeOnLoad BuildService                                                                                  :        2 samples, Peak.   169 us (1.3x), Avg.   130 us, Total. 260.7 us (0.0%)
[Performance] InitializeOnLoad AdsService                                                                                    :        2 samples, Peak.   453 us (1.0x), Avg.   443 us, Total. 885.0 us (0.0%)
[Performance] InitializeOnLoad UDPService                                                                                    :        2 samples, Peak.   177 us (1.1x), Avg.   165 us, Total. 329.1 us (0.0%)
[Performance] InitializeOnLoad CrashService                                                                                  :        2 samples, Peak.   215 us (1.1x), Avg.   196 us, Total. 391.1 us (0.0%)
[Performance] InitializeOnLoad ServicesRepository                                                                            :        2 samples, Peak.   800 ns (1.2x), Avg.   650 ns, Total. 1.300 us (0.0%)
[Performance] InitializeOnLoad SearchWindow                                                                                  :        2 samples, Peak.   155 us (1.1x), Avg.   138 us, Total. 275.5 us (0.0%)
[Performance] InitializeOnLoad CustomIndexers                                                                                :        2 samples, Peak.  19.9 ms (1.2x), Avg.  16.3 ms, Total. 32.64 ms (0.2%)
[Performance] InitializeOnLoad SearchMonitor                                                                                 :        2 samples, Peak.  1.40 ms (1.3x), Avg.  1.11 ms, Total. 2.223 ms (0.0%)
[Performance] InitializeOnLoad ParameterControllerEditor                                                                     :        2 samples, Peak.  16.9 us (1.0x), Avg.  16.8 us, Total. 33.60 us (0.0%)
[Performance] InitializeOnLoad LayerSettingsWindow                                                                           :        2 samples, Peak.  28.5 us (1.8x), Avg.  15.7 us, Total. 31.50 us (0.0%)
[Performance] InitializeOnLoad PackageManagerHookGUIDConverter.RegisterPackagesEventHandler                                  :        2 samples, Peak.   550 us (1.5x), Avg.   363 us, Total. 725.2 us (0.0%)
[Performance] InitializeOnLoad EditorDragAndDrop.RegisterEditorClient                                                        :        2 samples, Peak.   342 us (1.4x), Avg.   239 us, Total. 478.5 us (0.0%)
[Performance] InitializeOnLoad EditorEventCallbacks.InitializeFontAssetResourceChangeCallBacks                               :        2 samples, Peak.  1.24 ms (1.2x), Avg.  1.04 ms, Total. 2.072 ms (0.0%)
[Performance] InitializeOnLoad SceneTemplateService.Init                                                                     :        2 samples, Peak.  1.51 ms (1.1x), Avg.  1.42 ms, Total. 2.847 ms (0.0%)
[Performance] InitializeOnLoad DiagnosticSwitchesConsoleMessage.Init                                                         :        2 samples, Peak.  10.9 ms (1.8x), Avg.  6.10 ms, Total. 12.20 ms (0.1%)
[Performance] InitializeOnLoad PackageManagerWindow.EditorInitializedInSafeMode                                              :        2 samples, Peak.  21.0 ms (2.0x), Avg.  10.6 ms, Total. 21.19 ms (0.1%)
[Performance] InitializeOnLoad ToolShortcutContext.Init                                                                      :        2 samples, Peak.   144 us (1.0x), Avg.   143 us, Total. 286.5 us (0.0%)
[Performance] InitializeOnLoad MemoryProfilerCompilationGuard.InjectCompileGuard                                             :        2 samples, Peak.   194 us (1.1x), Avg.   180 us, Total. 359.3 us (0.0%)
[Performance] InitializeOnLoad AssetPostprocessingInternal.RefreshCustomDependencies                                         :        2 samples, Peak.  2.79 ms (1.3x), Avg.  2.18 ms, Total. 4.369 ms (0.0%)
[Performance] InitializeOnLoad SysrootManager.Initialize                                                                     :        2 samples, Peak.  15.0 us (1.2x), Avg.  12.4 us, Total. 24.80 us (0.0%)
[Performance] InitializeOnLoad ScopedRegistryAddedPopup.SubscribeToRegistriesAdded                                           :        2 samples, Peak.  8.84 ms (2.0x), Avg.  4.49 ms, Total. 8.984 ms (0.1%)
[Performance] InitializeOnLoad SceneVisibilityManager.Initialize                                                             :        2 samples, Peak.  3.17 ms (1.5x), Avg.  2.14 ms, Total. 4.278 ms (0.0%)
[Performance] InitializeOnLoad EditorWindow.Initialize                                                                       :        2 samples, Peak.   235 us (1.1x), Avg.   205 us, Total. 409.3 us (0.0%)
[Performance] AssemblyReloadEvents.afterAssemblyReload: UnityEditor.SceneTemplate.SceneTemplateService.AfterAssemblyReload   :        2 samples, Peak.  5.82 ms (1.9x), Avg.  3.14 ms, Total. 6.287 ms (0.0%)
[Performance] ProcessService.EditorAfterLoadAllAssemblies                                                                    :        2 samples, Peak.   327 us (1.1x), Avg.   302 us, Total. 603.2 us (0.0%)
[Performance] Application.ReadLicenseInfo                                                                                    :        1 samples, Peak.  15.0 ms (1.0x), Avg.  15.0 ms, Total. 14.98 ms (0.1%)
[Performance] Application.InitialRefresh                                                                                     :        1 samples, Peak.  3.30 s (1.0x), Avg.  3.30 s, Total. 3.303 s (22.1%)
[Performance] ShaderImporter.SourceAssetModified                                                                             :        2 samples, Peak.   900 ns (1.4x), Avg.   650 ns, Total. 1.300 us (0.0%)
[Performance] ShaderIncludeImporter.SourceAssetModified                                                                      :        2 samples, Peak.   800 ns (1.3x), Avg.   600 ns, Total. 1.200 us (0.0%)
[Performance] Compiling Scripts                                                                                              :        1 samples, Peak.  1.87 s (1.0x), Avg.  1.87 s, Total. 1.866 s (12.5%)
[Performance] AssemblyReloadEvents.beforeAssemblyReload: UnityEditor.SceneTemplate.SceneTemplateService.BeforeAssemblyReload :        1 samples, Peak.   564 us (1.0x), Avg.   564 us, Total. 564.4 us (0.0%)
[Performance] PresetManagerPostProcessor.OnPreprocessAsset                                                                   :        2 samples, Peak.   709 us (1.5x), Avg.   486 us, Total. 971.5 us (0.0%)
[Performance] CancelSplashScreenOnAssetChange.OnPreprocessAsset                                                              :        2 samples, Peak.  92.5 us (1.9x), Avg.  48.1 us, Total. 96.20 us (0.0%)
[Performance] InitializeOnLoad BackgroundWatcher                                                                             :        1 samples, Peak.   184 us (1.0x), Avg.   184 us, Total. 184.1 us (0.0%)
[Performance] InitializeOnLoad UnityTestProtocolStarter                                                                      :        1 samples, Peak.   414 us (1.0x), Avg.   414 us, Total. 413.7 us (0.0%)
[Performance] InitializeOnLoad TestStarter                                                                                   :        1 samples, Peak.   770 us (1.0x), Avg.   770 us, Total. 770.3 us (0.0%)
[Performance] InitializeOnLoad RerunCallbackInitializer                                                                      :        1 samples, Peak.  5.03 ms (1.0x), Avg.  5.03 ms, Total. 5.029 ms (0.0%)
[Performance] InitializeOnLoad PrefabLayoutRebuilder                                                                         :        1 samples, Peak.   264 us (1.0x), Avg.   264 us, Total. 263.8 us (0.0%)
[Performance] InitializeOnLoad TestJobDataHolder.ResumeRunningJobs                                                           :        1 samples, Peak.   999 us (1.0x), Avg.   999 us, Total. 998.9 us (0.0%)
[Performance] InitializeOnLoad AnalyticsReporter.RegisterCallbacks                                                           :        1 samples, Peak.   160 us (1.0x), Avg.   160 us, Total. 159.7 us (0.0%)
[Performance] DidReloadScriptsTestRunnerWindow.CompilationCallback                                                           :        1 samples, Peak.   997 us (1.0x), Avg.   997 us, Total. 997.2 us (0.0%)
[Performance] DidReloadScriptsTestListCache.ScriptReloaded                                                                   :        1 samples, Peak.  1.24 ms (1.0x), Avg.  1.24 ms, Total. 1.240 ms (0.0%)
[Performance] DidReloadScriptsAdvancedDropdownWindow.OnScriptReload                                                          :        1 samples, Peak.   236 us (1.0x), Avg.   236 us, Total. 236.1 us (0.0%)
[Performance] AssetDatabase.ImportAssets                                                                                     :        4 samples, Peak.  16.7 ms (4.0x), Avg.  4.18 ms, Total. 16.70 ms (0.1%)
[Performance] VersionControl.Task.Wait                                                                                       :        1 samples, Peak.  14.7 us (1.0x), Avg.  14.7 us, Total. 14.70 us (0.0%)
[Performance] BuilderAssetPostprocessor.OnPostprocessAllAssets                                                               :        4 samples, Peak.  2.96 ms (2.0x), Avg.  1.47 ms, Total. 5.883 ms (0.0%)
[Performance] ArtifactBrowserPostProcessor.OnPostprocessAllAssets                                                            :        4 samples, Peak.   414 us (2.0x), Avg.   208 us, Total. 832.2 us (0.0%)
[Performance] AssetEvents.OnPostprocessAllAssets                                                                             :        8 samples, Peak.   211 us (3.3x), Avg.  64.2 us, Total. 513.7 us (0.0%)
[Performance] AudioMixerPostprocessor.OnPostprocessAllAssets                                                                 :        4 samples, Peak.   209 us (2.0x), Avg.   105 us, Total. 421.7 us (0.0%)
[Performance] StyleCatalogPostProcessor.OnPostprocessAllAssets                                                               :        4 samples, Peak.  13.1 ms (2.0x), Avg.  6.56 ms, Total. 26.23 ms (0.2%)
[Performance] BuildCatalog                                                                                                   :        1 samples, Peak.  12.2 ms (1.0x), Avg.  12.2 ms, Total. 12.23 ms (0.1%)
[Performance] ModelImporterPostProcessor.OnPostprocessAllAssets                                                              :        4 samples, Peak.  1.37 ms (2.0x), Avg.   691 us, Total. 2.765 ms (0.0%)
[Performance] RetainedModeAssetPostprocessor.OnPostprocessAllAssets                                                          :        4 samples, Peak.  2.53 ms (2.0x), Avg.  1.27 ms, Total. 5.079 ms (0.0%)
[Performance] AssetChangedListener.OnPostprocessAllAssets                                                                    :        4 samples, Peak.  1.40 ms (2.0x), Avg.   710 us, Total. 2.839 ms (0.0%)
[Performance] SpeedTreePostProcessor.OnPostprocessAllAssets                                                                  :        4 samples, Peak.   181 us (1.9x), Avg.  94.8 us, Total. 379.0 us (0.0%)
[Performance] TextAssetPostProcessor.OnPostprocessAllAssets                                                                  :        4 samples, Peak.   352 us (2.0x), Avg.   180 us, Total. 718.3 us (0.0%)
[Performance] SyncVS.PostprocessSyncProject                                                                                  :        2 samples, Peak.  1.41 ms (1.9x), Avg.   732 us, Total. 1.463 ms (0.0%)
[Performance] Application.ImportPackagesAndSetTemplateWhenCreatingProject                                                    :        1 samples, Peak.  12.5 ms (1.0x), Avg.  12.5 ms, Total. 12.46 ms (0.1%)
[Performance] Application.SyncCurrentColorSpace                                                                              :        1 samples, Peak.   103 ms (1.0x), Avg.   103 ms, Total. 103.4 ms (0.7%)
[Performance] Application.OnUsbDevicesChanged                                                                                :        1 samples, Peak.  12.2 ms (1.0x), Avg.  12.2 ms, Total. 12.16 ms (0.1%)
[Performance] Application.AssetInstanceCacheUpdate                                                                           :        1 samples, Peak.   700 ns (1.0x), Avg.   700 ns, Total. 700.0 ns (0.0%)
[Performance] Application.UnityExtensions.Initialize                                                                         :        1 samples, Peak.   794 us (1.0x), Avg.   794 us, Total. 794.0 us (0.0%)
[Performance] CodeEditorProjectSync.SyncEditorProject                                                                        :        1 samples, Peak.  98.9 us (1.0x), Avg.  98.9 us, Total. 98.90 us (0.0%)
[Performance] Application.ExecuteStartups                                                                                    :        1 samples, Peak.  51.7 ms (1.0x), Avg.  51.7 ms, Total. 51.65 ms (0.3%)
[Performance] Menu.RegisterMenuInterface                                                                                     :       26 samples, Peak.   700 ns (5.1x), Avg.   138 ns, Total. 3.600 us (0.0%)
[Performance] Gizmo.RebuildRenderers                                                                                         :        1 samples, Peak.  51.1 ms (1.0x), Avg.  51.1 ms, Total. 51.08 ms (0.3%)
[Performance] Gizmo.AddGizmoRenderers                                                                                        :       31 samples, Peak.  1.36 ms (21.8x), Avg.  62.5 us, Total. 1.937 ms (0.0%)
[Performance] Application.editorInitializingProject                                                                          :        1 samples, Peak.   250 ms (1.0x), Avg.   250 ms, Total. 249.6 ms (1.7%)
[Performance] Application.FinishLoadingProject                                                                               :        1 samples, Peak.  1.05 s (1.0x), Avg.  1.05 s, Total. 1.045 s (7.0%)
[Performance] Application.InitializeMenu                                                                                     :        1 samples, Peak.   933 ms (1.0x), Avg.   933 ms, Total. 933.5 ms (6.3%)
[Performance] Menu.RebuildAll                                                                                                :        1 samples, Peak.   933 ms (1.0x), Avg.   933 ms, Total. 933.4 ms (6.3%)
[Performance] Menu.BuildRegisteredMenuInterfaces                                                                             :        1 samples, Peak.   932 ms (1.0x), Avg.   932 ms, Total. 931.8 ms (6.2%)
[Performance] Menu.FilterMenuItem                                                                                            :      555 samples, Peak.  19.1 ms (549.5x), Avg.  34.8 us, Total. 19.33 ms (0.1%)
[Performance] UpdateAllMenus                                                                                                 :        1 samples, Peak.   437 us (1.0x), Avg.   437 us, Total. 437.1 us (0.0%)
[Performance] Menu.RebuildOSMainMenu                                                                                         :        2 samples, Peak.  1.35 ms (1.1x), Avg.  1.20 ms, Total. 2.407 ms (0.0%)
[Performance] EditorSceneManager.sceneClosing: UnityEditor.SceneVisibilityManager.EditorSceneManagerOnSceneClosing           :        4 samples, Peak.   196 us (3.8x), Avg.  51.2 us, Total. 204.7 us (0.0%)
[Performance] GUIView.RepaintAll.PlayerLoopController                                                                        :       13 samples, Peak.  3.10 us (3.2x), Avg.   962 ns, Total. 12.50 us (0.0%)
[Performance] EditorSceneManager.newSceneCreated: UnityEditor.SceneTemplate.SceneTemplateService.OnNewSceneCreated           :        3 samples, Peak.   194 us (3.0x), Avg.  65.4 us, Total. 196.2 us (0.0%)
[Performance] EditorSceneManager.newSceneCreated: UnityEditor.SceneVisibilityManager.EditorSceneManagerOnNewSceneCreated     :        3 samples, Peak.   125 us (2.8x), Avg.  44.8 us, Total. 134.5 us (0.0%)
[Performance] EditorSceneManager.newSceneCreated: UnityEditor.SceneManagement.StageNavigationManager.OnNewSceneCreated       :        3 samples, Peak.  44.2 us (2.9x), Avg.  15.1 us, Total. 45.40 us (0.0%)
[Performance] Application.InvokeFinishedLoadingProject                                                                       :        1 samples, Peak.  1.51 ms (1.0x), Avg.  1.51 ms, Total. 1.510 ms (0.0%)
[Performance] ProcessService.OnProjectLoaded                                                                                 :        1 samples, Peak.  43.8 us (1.0x), Avg.  43.8 us, Total. 43.80 us (0.0%)
[Performance] Application.InvokeProjectWasLoaded                                                                             :        1 samples, Peak.  35.8 us (1.0x), Avg.  35.8 us, Total. 35.80 us (0.0%)
[Performance] Application.Message                                                                                            :       27 samples, Peak.  25.6 us (18.8x), Avg.  1.36 us, Total. 36.70 us (0.0%)
[Performance] Application.Message.WM_0031F                                                                                   :        1 samples, Peak.  9.00 us (1.0x), Avg.  9.00 us, Total. 9.000 us (0.0%)
[Performance] Application.Tick                                                                                               :       26 samples, Peak.   221 ms (10.4x), Avg.  21.2 ms, Total. 551.9 ms (3.7%)
[Performance] CheckLicensingClient                                                                                           :        1 samples, Peak.  11.3 us (1.0x), Avg.  11.3 us, Total. 11.30 us (0.0%)
[Performance] CheckLicensingClientNotification                                                                               :        1 samples, Peak.  12.2 us (1.0x), Avg.  12.2 us, Total. 12.20 us (0.0%)
[Performance] LicenseActivated.Tick                                                                                          :        1 samples, Peak.  8.40 us (1.0x), Avg.  8.40 us, Total. 8.400 us (0.0%)
[Performance] Application.TickVersionControl                                                                                 :       27 samples, Peak.  2.20 us (2.1x), Avg.  1.06 us, Total. 28.60 us (0.0%)
[Performance] MonoCompiler.Tick                                                                                              :        3 samples, Peak.  4.90 us (2.4x), Avg.  2.03 us, Total. 6.100 us (0.0%)
[Performance] UnityConnect.Tick                                                                                              :        6 samples, Peak.  5.39 ms (5.9x), Avg.   909 us, Total. 5.456 ms (0.0%)
[Performance] UnityVersionControl.Tick                                                                                       :        6 samples, Peak.   800 ns (1.5x), Avg.   533 ns, Total. 3.200 us (0.0%)
[Performance] CurlRequest.Tick                                                                                               :        4 samples, Peak.  1.31 ms (4.0x), Avg.   331 us, Total. 1.323 ms (0.0%)
[Performance] HubClient.Tick                                                                                                 :        4 samples, Peak.  2.80 us (2.8x), Avg.  1.00 us, Total. 4.000 us (0.0%)
[Performance] AssetDatabase.Tick                                                                                             :        4 samples, Peak.   136 us (4.0x), Avg.  34.1 us, Total. 136.6 us (0.0%)
[Performance] SceneBackgroundTask.Tick                                                                                       :        4 samples, Peak.   400 ns (1.2x), Avg.   325 ns, Total. 1.300 us (0.0%)
[Performance] Scheduler.Tick                                                                                                 :       13 samples, Peak.  2.59 ms (12.7x), Avg.   204 us, Total. 2.648 ms (0.0%)
[Performance] RepaintAllProfilerWindows                                                                                      :        2 samples, Peak.   333 us (2.0x), Avg.   167 us, Total. 334.5 us (0.0%)
[Performance] PlayerUpdates.Tick                                                                                             :        6 samples, Peak.  30.0 us (1.4x), Avg.  22.2 us, Total. 133.3 us (0.0%)
[Performance] Application.TickGlobalCallbacks                                                                                :       27 samples, Peak.  38.0 ms (18.2x), Avg.  2.09 ms, Total. 56.50 ms (0.4%)
[Performance] CoreBusinessMetrics.Tick                                                                                       :        1 samples, Peak.  74.5 us (1.0x), Avg.  74.5 us, Total. 74.50 us (0.0%)
[Performance] EditorAnalytics.Tick                                                                                           :        3 samples, Peak.  32.7 us (2.3x), Avg.  14.2 us, Total. 42.60 us (0.0%)
[Performance] GI.Tick                                                                                                        :        6 samples, Peak.  15.2 ms (5.0x), Avg.  3.06 ms, Total. 18.35 ms (0.1%)
[Performance] Video.Update                                                                                                   :       27 samples, Peak.  5.50 us (7.6x), Avg.   722 ns, Total. 19.50 us (0.0%)
[Performance] UnitySynchronization.ExecuteTasks                                                                              :        6 samples, Peak.  4.80 us (1.4x), Avg.  3.43 us, Total. 20.60 us (0.0%)
[Performance] Application.TickPreloadManager                                                                                 :       27 samples, Peak.  7.00 us (2.4x), Avg.  2.96 us, Total. 79.80 us (0.0%)
[Performance] Application.TickProgress                                                                                       :       27 samples, Peak.  2.83 ms (26.3x), Avg.   108 us, Total. 2.903 ms (0.0%)
[Performance] Application.TickSceneTracker                                                                                   :       26 samples, Peak.   108 ms (9.1x), Avg.  11.9 ms, Total. 309.8 ms (2.1%)
[Performance] EditorApplication.update                                                                                       :       26 samples, Peak.   108 ms (9.1x), Avg.  11.9 ms, Total. 309.6 ms (2.1%)
[Performance] EditorApplication.update: UnityEditor.PackageManager.UI.Internal.ApplicationProxy.OnUpdate                     :       27 samples, Peak.   727 us (24.9x), Avg.  29.2 us, Total. 789.1 us (0.0%)
[Performance] EditorApplication.update: UnityEditor.SceneManagement.StageNavigationManager.Update                            :       27 samples, Peak.   420 us (26.3x), Avg.  16.0 us, Total. 431.1 us (0.0%)
[Performance] EditorApplication.update: UnityEditor.TestTools.TestRunner.TestRun.TestJobRunner.ExecuteStep                   :       27 samples, Peak.  44.4 ms (9.5x), Avg.  4.66 ms, Total. 125.8 ms (0.8%)
[Performance] ConsoleLog.Tick                                                                                                :        3 samples, Peak.  5.80 us (1.2x), Avg.  4.97 us, Total. 14.90 us (0.0%)
[Performance] HierarchyWindow.Tick                                                                                           :        3 samples, Peak.   774 us (1.9x), Avg.   401 us, Total. 1.202 ms (0.0%)
[Performance] EditorApplication.hierarchyChanged: Unity.UIElements.Editor.UIDocumentHierarchyWatcher.OnHierarchyChanged      :        3 samples, Peak.   391 us (2.4x), Avg.   165 us, Total. 494.9 us (0.0%)
[Performance] Inspector.Tick                                                                                                 :        3 samples, Peak.  30.1 ms (3.0x), Avg.  10.0 ms, Total. 30.08 ms (0.2%)
[Performance] EditorApplication.delayCall: UnityEditor.ShortcutManagement.ShortcutIntegration.EnsureShortcutsAreInitialized  :        1 samples, Peak.  28.5 ms (1.0x), Avg.  28.5 ms, Total. 28.53 ms (0.2%)
[Performance] EditorApplication.delayCall: callback in UnityEditor.EditorTools.ToolShortcutContext                           :        1 samples, Peak.  1.14 ms (1.0x), Avg.  1.14 ms, Total. 1.136 ms (0.0%)
[Performance] EditorApplication.delayCall: callback in UnityEditor.SceneVisibilityManager                                    :        1 samples, Peak.   116 us (1.0x), Avg.   116 us, Total. 115.7 us (0.0%)
[Performance] EditorApplication.delayCall: callback in UnityEditor.EditorWindow                                              :        1 samples, Peak.  53.8 us (1.0x), Avg.  53.8 us, Total. 53.80 us (0.0%)
[Performance] Tooltip.Tick                                                                                                   :        6 samples, Peak.  91.9 us (2.9x), Avg.  31.5 us, Total. 189.2 us (0.0%)
[Performance] Application.RequestRepaintForPanels                                                                            :       26 samples, Peak.   351 us (21.7x), Avg.  16.2 us, Total. 420.3 us (0.0%)
[Performance] Application.UpdateScene                                                                                        :       26 samples, Peak.   111 ms (21.0x), Avg.  5.30 ms, Total. 137.7 ms (0.9%)
[Performance] Application.UpdateTextureStreaming                                                                             :       26 samples, Peak.   600 ns (2.1x), Avg.   285 ns, Total. 7.400 us (0.0%)
[Performance] Application.UpdateVideoTextures                                                                                :       26 samples, Peak.   700 ns (3.9x), Avg.   181 ns, Total. 4.700 us (0.0%)
[Performance] PackageImporter.Tick                                                                                           :        3 samples, Peak.   900 ns (1.3x), Avg.   667 ns, Total. 2.000 us (0.0%)
[Performance] InspectorBackground.Tick                                                                                       :        3 samples, Peak.  2.30 us (1.5x), Avg.  1.57 us, Total. 4.700 us (0.0%)
[Performance] BurstDebug.Tick                                                                                                :        1 samples, Peak.   900 ns (1.0x), Avg.   900 ns, Total. 900.0 ns (0.0%)
[Performance] Application.ChangeLayoutIfNeeded                                                                               :       26 samples, Peak.   200 ns (2.5x), Avg.  80.8 ns, Total. 2.100 us (0.0%)
[Performance] AsyncReadManager.ForceCloseFiles                                                                               :        1 samples, Peak.   126 us (1.0x), Avg.   126 us, Total. 125.7 us (0.0%)
[Performance] GUIView.RepaintAll.RepaintScene                                                                                :       16 samples, Peak.  1.40 us (2.9x), Avg.   488 ns, Total. 7.800 us (0.0%)
[Performance] EditorApplication.update: UnityEditor.TestTools.TestRunner.EditModeRunnerCallback.DisplayProgressBar           :       11 samples, Peak.   239 us (6.3x), Avg.  38.0 us, Total. 418.4 us (0.0%)
[Performance] EditorApplication.update: UnityEditor.TestTools.TestRunner.EditModeRunner.TestConsumer                         :       10 samples, Peak.   108 ms (6.0x), Avg.  18.1 ms, Total. 180.9 ms (1.2%)
[Performance] SceneDataContainer.TransformHierarchyChangedSetParentCallback                                                  :       69 samples, Peak.  10.0 us (18.8x), Avg.   533 ns, Total. 36.80 us (0.0%)
[Performance] SceneVisibilityState.IsFlagSetInParents                                                                        :       69 samples, Peak.  3.20 us (12.1x), Avg.   265 ns, Total. 18.30 us (0.0%)
[Performance] EditorSceneManager.sceneOpening: UnityEditor.SceneVisibilityManager.EditorSceneManagerOnSceneOpening           :        1 samples, Peak.   149 us (1.0x), Avg.   149 us, Total. 149.4 us (0.0%)
[Performance] Inspector.InitOrRebuild                                                                                        :        1 samples, Peak.   436 us (1.0x), Avg.   436 us, Total. 436.4 us (0.0%)
[Performance] EditorSceneManager.sceneOpened: UnityEditor.SceneTemplate.SceneTemplateService.OnSceneOpened                   :        1 samples, Peak.   161 us (1.0x), Avg.   161 us, Total. 161.1 us (0.0%)
[Performance] EditorSceneManager.sceneOpened: UnityEditor.SceneVisibilityManager.EditorSceneManagerOnSceneOpened             :        1 samples, Peak.  79.1 us (1.0x), Avg.  79.1 us, Total. 79.10 us (0.0%)
[Performance] EditorSceneManager.sceneOpened: UnityEditor.SceneManagement.StageNavigationManager.OnSceneOpened               :        1 samples, Peak.  33.2 us (1.0x), Avg.  33.2 us, Total. 33.20 us (0.0%)
[Performance] Application.Shutdown.SaveDefaultWindowPreferences                                                              :        1 samples, Peak.   213 us (1.0x), Avg.   213 us, Total. 213.5 us (0.0%)
[Performance] Application.Shutdown.SaveSceneManagerSetup                                                                     :        1 samples, Peak.   598 us (1.0x), Avg.   598 us, Total. 598.0 us (0.0%)
[Performance] Application.Shutdown.CleanupAllContainerWindows                                                                :        1 samples, Peak.   900 ns (1.0x), Avg.   900 ns, Total. 900.0 ns (0.0%)
[Performance] EditorApplication.quitting: callback in UnityEditor.TextCore.Text.EditorEventCallbacks                         :        1 samples, Peak.  4.29 ms (1.0x), Avg.  4.29 ms, Total. 4.289 ms (0.0%)
[Performance] Killing ADB server                                                                                             :        1 samples, Peak.  66.4 ms (1.0x), Avg.  66.4 ms, Total. 66.41 ms (0.4%)
[Performance] Application.Shutdown.PauseProfilerSession                                                                      :        1 samples, Peak.  27.9 us (1.0x), Avg.  27.9 us, Total. 27.90 us (0.0%)
[Performance] Application.Shutdown.PauseAssetImportWorkers                                                                   :        1 samples, Peak.  98.5 us (1.0x), Avg.  98.5 us, Total. 98.50 us (0.0%)
[Performance] Application.Shutdown.SaveAssets                                                                                :        1 samples, Peak.  34.7 ms (1.0x), Avg.  34.7 ms, Total. 34.74 ms (0.2%)
[Performance] BuilderAssetModificationProcessor.OnWillSaveAssets                                                             :        1 samples, Peak.   373 us (1.0x), Avg.   373 us, Total. 372.7 us (0.0%)
[Performance] TerrainModificationProcessor.OnWillSaveAssets                                                                  :        1 samples, Peak.  1.17 ms (1.0x), Avg.  1.17 ms, Total. 1.175 ms (0.0%)
[Performance] Application.Shutdown.CleanupRenderPipeline                                                                     :        1 samples, Peak.  2.00 us (1.0x), Avg.  2.00 us, Total. 2.000 us (0.0%)
[Performance] Application.Shutdown.StopPreloadManager                                                                        :        1 samples, Peak.  9.64 ms (1.0x), Avg.  9.64 ms, Total. 9.637 ms (0.1%)
[Performance] Application.Shutdown.DestroyWorld                                                                              :        1 samples, Peak.   512 us (1.0x), Avg.   512 us, Total. 511.6 us (0.0%)
[Performance] Application.Shutdown.CleanupAfterLoad                                                                          :        1 samples, Peak.  4.86 ms (1.0x), Avg.  4.86 ms, Total. 4.864 ms (0.0%)
[Performance] Application.Shutdown.Progress                                                                                  :        1 samples, Peak.  15.5 us (1.0x), Avg.  15.5 us, Total. 15.50 us (0.0%)
[Performance] Application.Shutdown.GICleanupManagers                                                                         :        1 samples, Peak.   983 us (1.0x), Avg.   983 us, Total. 982.6 us (0.0%)
[Performance] Application.Shutdown.MenuCleanupClass                                                                          :        1 samples, Peak.   150 us (1.0x), Avg.   150 us, Total. 150.1 us (0.0%)
[Performance] Application.Shutdown.ADBSaveStateBeforeShutdown                                                                :        1 samples, Peak.  7.30 us (1.0x), Avg.  7.30 us, Total. 7.300 us (0.0%)
[Performance] Application.Shutdown.RemoteShutdown                                                                            :        1 samples, Peak.   600 ns (1.0x), Avg.   600 ns, Total. 600.0 ns (0.0%)
[Performance] Application.Shutdown.CleanupVCProvider                                                                         :        1 samples, Peak.  10.8 us (1.0x), Avg.  10.8 us, Total. 10.80 us (0.0%)
[Performance] Application.Shutdown.InputShutdown                                                                             :        1 samples, Peak.   300 ns (1.0x), Avg.   300 ns, Total. 300.0 ns (0.0%)
[Performance] Application.Shutdown.GizmoManagerDestroy                                                                       :        1 samples, Peak.   528 us (1.0x), Avg.   528 us, Total. 527.8 us (0.0%)
[Performance] Application.Shutdown.ProfilerSession                                                                           :        1 samples, Peak.   140 us (1.0x), Avg.   140 us, Total. 139.7 us (0.0%)
[Performance] Application.Shutdown.ReleaseGfxWindowOnAllGUIViews                                                             :        1 samples, Peak.   300 ns (1.0x), Avg.   300 ns, Total. 300.0 ns (0.0%)
[Performance] Application.Shutdown.CleanupEngine                                                                             :        1 samples, Peak.   143 ms (1.0x), Avg.   143 ms, Total. 142.5 ms (1.0%)
[Performance] Application.Shutdown.CleanupAssetDatabase                                                                      :        1 samples, Peak.  3.96 ms (1.0x), Avg.  3.96 ms, Total. 3.964 ms (0.0%)
[Performance] Application.Shutdown.ScriptCompilationCleanUp                                                                  :        1 samples, Peak.  29.0 ms (1.0x), Avg.  29.0 ms, Total. 29.00 ms (0.2%)
[Performance] Application.Shutdown.DestroyJobSystem                                                                          :        1 samples, Peak.   101 us (1.0x), Avg.   101 us, Total. 100.7 us (0.0%)
[Performance] Application.Shutdown.CleanupPersistentManager                                                                  :        1 samples, Peak.   496 us (1.0x), Avg.   496 us, Total. 495.9 us (0.0%)
[Performance] Application.Shutdown.CleanupAsyncReadManager                                                                   :        1 samples, Peak.   828 us (1.0x), Avg.   828 us, Total. 828.5 us (0.0%)
[Performance] Application.Shutdown.CleanupProgressBar                                                                        :        1 samples, Peak.   600 ns (1.0x), Avg.   600 ns, Total. 600.0 ns (0.0%)
[Performance] Application.Shutdown.CleanupMono                                                                               :        1 samples, Peak.  78.9 ms (1.0x), Avg.  78.9 ms, Total. 78.92 ms (0.5%)
[Performance] Application.Shutdown.CleanupStdConverters                                                                      :        1 samples, Peak.  10.5 us (1.0x), Avg.  10.5 us, Total. 10.50 us (0.0%)
[Performance] Application.Shutdown.UnloadAllPlatformSupportModuleNativeDlls                                                  :        1 samples, Peak.   600 ns (1.0x), Avg.   600 ns, Total. 600.0 ns (0.0%)
[Performance] Application.Shutdown.UnloadAllPlatformSupportNativeLibraries                                                   :        1 samples, Peak. 100.0 ns (1.0x), Avg. 100.0 ns, Total. 100.00 ns (0.0%)
[Performance] Application.Shutdown.CleanupAutoDocumentation                                                                  :        1 samples, Peak.   574 us (1.0x), Avg.   574 us, Total. 574.4 us (0.0%)
[Performance] Application.Shutdown.ShaderNameManagerDestroy                                                                  :        1 samples, Peak.  69.7 us (1.0x), Avg.  69.7 us, Total. 69.70 us (0.0%)
[Performance] Application.Shutdown.CleanupCacheServer                                                                        :        1 samples, Peak.   100 ns (1.0x), Avg.   100 ns, Total. 100.0 ns (0.0%)
[Performance] Application.Shutdown.Virtualization_Shutdown                                                                   :        1 samples, Peak.   600 ns (1.0x), Avg.   600 ns, Total. 600.0 ns (0.0%)
[Performance] Application.Shutdown.DevConnections                                                                            :        1 samples, Peak.   244 us (1.0x), Avg.   244 us, Total. 244.2 us (0.0%)
Checking for leaked weakptr:
  Found no leaked weakptrs.
[Package Manager] Server::Kill -- Server was shutdown
Memory Statistics:
[ALLOC_TEMP_TLS] TLS Allocator
  StackAllocators : 
    [ALLOC_TEMP_CurlRequest]
      Initial Block Size 64.0 KB
      Current Block Size 64.0 KB
      Peak Allocated Bytes 0 B
      Overflow Count 0
    [ALLOC_TEMP_MAIN]
      Peak usage frame count: [4.0 KB-8.0 KB]: 4 frames, [8.0 KB-16.0 KB]: 1 frames, [16.0 KB-32.0 KB]: 1 frames, [128.0 KB-256.0 KB]: 2 frames, [256.0 KB-0.5 MB]: 1 frames, [8.0 MB-16.0 MB]: 1 frames
      Initial Block Size 16.0 MB
      Current Block Size 16.0 MB
      Peak Allocated Bytes 9.5 MB
      Overflow Count 0
    [ALLOC_TEMP_Background Job.Worker 8]
      Initial Block Size 32.0 KB
      Current Block Size 32.0 KB
      Peak Allocated Bytes 54 B
      Overflow Count 0
    [ALLOC_TEMP_Job.Worker 4]
      Initial Block Size 256.0 KB
      Current Block Size 0.8 MB
      Peak Allocated Bytes 0.8 MB
      Overflow Count 0
    [ALLOC_TEMP_AUDIO_FMOD mixer thread]
      Initial Block Size 64.0 KB
      Current Block Size 64.0 KB
      Peak Allocated Bytes 54 B
      Overflow Count 0
    [ALLOC_TEMP_BakingJobs.Worker 5]
      Initial Block Size 256.0 KB
      Current Block Size 256.0 KB
      Peak Allocated Bytes 54 B
      Overflow Count 0
    [ALLOC_TEMP_Background Job.Worker 11]
      Initial Block Size 32.0 KB
      Current Block Size 32.0 KB
      Peak Allocated Bytes 54 B
      Overflow Count 0
    [ALLOC_TEMP_Background Job.Worker 3]
      Initial Block Size 32.0 KB
      Current Block Size 32.0 KB
      Peak Allocated Bytes 66 B
      Overflow Count 0
    [ALLOC_TEMP_BatchDeleteObjects]
      Initial Block Size 64.0 KB
      Current Block Size 64.0 KB
      Peak Allocated Bytes 54 B
      Overflow Count 0
    [ALLOC_TEMP_CoreBusinessMetricsCache]
      Initial Block Size 64.0 KB
      Current Block Size 64.0 KB
      Peak Allocated Bytes 8.0 KB
      Overflow Count 0
    [ALLOC_TEMP_REST Message Handler]
      Initial Block Size 64.0 KB
      Current Block Size 64.0 KB
      Peak Allocated Bytes 54 B
      Overflow Count 0
    [ALLOC_TEMP_AssetDatabase.IOService]
      Initial Block Size 64.0 KB
      Current Block Size 64.0 KB
      Peak Allocated Bytes 54 B
      Overflow Count 0
    [ALLOC_TEMP_Background Job.Worker 2]
      Initial Block Size 32.0 KB
      Current Block Size 32.0 KB
      Peak Allocated Bytes 1.6 KB
      Overflow Count 0
    [ALLOC_TEMP_Job.Worker 10]
      Initial Block Size 256.0 KB
      Current Block Size 412.0 KB
      Peak Allocated Bytes 409.6 KB
      Overflow Count 0
    [ALLOC_TEMP_Loading.PreloadManager]
      Initial Block Size 32.0 MB
      Current Block Size 32.0 MB
      Peak Allocated Bytes 2.1 MB
      Overflow Count 0
    [ALLOC_TEMP_Profiler.Dispatcher]
      Initial Block Size 64.0 KB
      Current Block Size 64.0 KB
      Peak Allocated Bytes 0 B
      Overflow Count 0
    [ALLOC_TEMP_Job.Worker 3]
      Initial Block Size 256.0 KB
      Current Block Size 0.8 MB
      Peak Allocated Bytes 0.8 MB
      Overflow Count 0
    [ALLOC_TEMP_Background Job.Worker 5]
      Initial Block Size 32.0 KB
      Current Block Size 32.0 KB
      Peak Allocated Bytes 54 B
      Overflow Count 0
    [ALLOC_TEMP_CurlRequest]
      Initial Block Size 64.0 KB
      Current Block Size 64.0 KB
      Peak Allocated Bytes 1.4 KB
      Overflow Count 0
    [ALLOC_TEMP_Background Job.Worker 13]
      Initial Block Size 32.0 KB
      Current Block Size 32.0 KB
      Peak Allocated Bytes 54 B
      Overflow Count 0
    [ALLOC_TEMP_Job.Worker 2]
      Initial Block Size 256.0 KB
      Current Block Size 0.8 MB
      Peak Allocated Bytes 0.8 MB
      Overflow Count 0
    [ALLOC_TEMP_Job.Worker 0]
      Initial Block Size 256.0 KB
      Current Block Size 256.0 KB
      Peak Allocated Bytes 1.2 KB
      Overflow Count 0
    [ALLOC_TEMP_Job.Worker 6]
      Initial Block Size 256.0 KB
      Current Block Size 412.0 KB
      Peak Allocated Bytes 409.6 KB
      Overflow Count 0
    [ALLOC_TEMP_Job.Worker 5]
      Initial Block Size 256.0 KB
      Current Block Size 0.8 MB
      Peak Allocated Bytes 0.8 MB
      Overflow Count 0
    [ALLOC_TEMP_Background Job.Worker 9]
      Initial Block Size 32.0 KB
      Current Block Size 32.0 KB
      Peak Allocated Bytes 54 B
      Overflow Count 0
    [ALLOC_TEMP_EnlightenWorker] x 6
      Initial Block Size 64.0 KB
      Current Block Size 64.0 KB
      Peak Allocated Bytes 54 B
      Overflow Count 0
    [ALLOC_TEMP_DirMonitor]
      Initial Block Size 64.0 KB
      Current Block Size 64.0 KB
      Peak Allocated Bytes 0.6 KB
      Overflow Count 0
    [ALLOC_TEMP_Job.Worker 9]
      Initial Block Size 256.0 KB
      Current Block Size 412.0 KB
      Peak Allocated Bytes 409.6 KB
      Overflow Count 0
    [ALLOC_TEMP_BakingJobs.Worker 1]
      Initial Block Size 256.0 KB
      Current Block Size 1.0 MB
      Peak Allocated Bytes 1.0 MB
      Overflow Count 1
    [ALLOC_TEMP_Loading.AsyncRead]
      Initial Block Size 64.0 KB
      Current Block Size 64.0 KB
      Peak Allocated Bytes 128 B
      Overflow Count 0
    [ALLOC_TEMP_Background Job.Worker 10]
      Initial Block Size 32.0 KB
      Current Block Size 32.0 KB
      Peak Allocated Bytes 54 B
      Overflow Count 0
    [ALLOC_TEMP_Background Job.Worker 6]
      Initial Block Size 32.0 KB
      Current Block Size 32.0 KB
      Peak Allocated Bytes 54 B
      Overflow Count 0
    [ALLOC_TEMP_AUDIO_FMOD (WASAPI) feeder thread]
      Initial Block Size 64.0 KB
      Current Block Size 64.0 KB
      Peak Allocated Bytes 168 B
      Overflow Count 0
    [ALLOC_TEMP_Background Job.Worker 1]
      Initial Block Size 32.0 KB
      Current Block Size 144.0 KB
      Peak Allocated Bytes 111.2 KB
      Overflow Count 0
    [ALLOC_TEMP_AUDIO_FMOD stream thread]
      Initial Block Size 64.0 KB
      Current Block Size 64.0 KB
      Peak Allocated Bytes 54 B
      Overflow Count 0
    [ALLOC_TEMP_BakingJobs.Worker 2]
      Initial Block Size 256.0 KB
      Current Block Size 256.0 KB
      Peak Allocated Bytes 54 B
      Overflow Count 0
    [ALLOC_TEMP_Background Job.Worker 7]
      Initial Block Size 32.0 KB
      Current Block Size 32.0 KB
      Peak Allocated Bytes 54 B
      Overflow Count 0
    [ALLOC_TEMP_Job.Worker 8]
      Initial Block Size 256.0 KB
      Current Block Size 412.0 KB
      Peak Allocated Bytes 409.6 KB
      Overflow Count 0
    [ALLOC_TEMP_Job.Worker 1]
      Initial Block Size 256.0 KB
      Current Block Size 412.0 KB
      Peak Allocated Bytes 409.6 KB
      Overflow Count 0
    [ALLOC_TEMP_BakingJobs.Worker 0]
      Initial Block Size 256.0 KB
      Current Block Size 256.0 KB
      Peak Allocated Bytes 54 B
      Overflow Count 0
    [ALLOC_TEMP_BakingJobs.Worker 3]
      Initial Block Size 256.0 KB
      Current Block Size 256.0 KB
      Peak Allocated Bytes 54 B
      Overflow Count 0
    [ALLOC_TEMP_EditorTaskManager]
      Initial Block Size 64.0 KB
      Current Block Size 68.0 KB
      Peak Allocated Bytes 64.0 KB
      Overflow Count 0
    [ALLOC_TEMP_Background Job.Worker 15]
      Initial Block Size 32.0 KB
      Current Block Size 32.0 KB
      Peak Allocated Bytes 54 B
      Overflow Count 0
    [ALLOC_TEMP_BakingJobs.Worker 4]
      Initial Block Size 256.0 KB
      Current Block Size 256.0 KB
      Peak Allocated Bytes 54 B
      Overflow Count 0
    [ALLOC_TEMP_Background Job.Worker 12]
      Initial Block Size 32.0 KB
      Current Block Size 32.0 KB
      Peak Allocated Bytes 54 B
      Overflow Count 0
    [ALLOC_TEMP_HTTP REST Server]
      Initial Block Size 64.0 KB
      Current Block Size 64.0 KB
      Peak Allocated Bytes 78 B
      Overflow Count 0
    [ALLOC_TEMP_AssetGarbageCollectorHelper] x 11
      Initial Block Size 64.0 KB
      Current Block Size 64.0 KB
      Peak Allocated Bytes 0 B
      Overflow Count 0
    [ALLOC_TEMP_Background Job.Worker 0]
      Initial Block Size 32.0 KB
      Current Block Size 32.0 KB
      Peak Allocated Bytes 54 B
      Overflow Count 0
    [ALLOC_TEMP_Background Job.Worker 4]
      Initial Block Size 32.0 KB
      Current Block Size 32.0 KB
      Peak Allocated Bytes 54 B
      Overflow Count 0
    [ALLOC_TEMP_Background Job.Worker 14]
      Initial Block Size 32.0 KB
      Current Block Size 32.0 KB
      Peak Allocated Bytes 54 B
      Overflow Count 0
    [ALLOC_TEMP_Job.Worker 7]
      Initial Block Size 256.0 KB
      Current Block Size 256.0 KB
      Peak Allocated Bytes 1.2 KB
      Overflow Count 0
    [ALLOC_TEMP_CloudJob.Worker 0]
      Initial Block Size 32.0 KB
      Current Block Size 32.0 KB
      Peak Allocated Bytes 4.4 KB
      Overflow Count 0
[ALLOC_MEMORYPROFILER]
  Peak usage frame count: [32.0 KB-64.0 KB]: 5 frames, [64.0 KB-128.0 KB]: 5 frames
  Requested Block Size 1.0 MB
  Peak Block count 1
  Peak Allocated memory 107.1 KB
  Peak Large allocation bytes 0 B
[ALLOC_DEFAULT] Dual Thread Allocator
  Peak main deferred allocation count 1298
    [ALLOC_BUCKET]
      Large Block size 32.0 MB
      Used Block count 1
      Peak Allocated bytes 7.3 MB
    [ALLOC_DEFAULT_MAIN]
      Peak usage frame count: [32.0 MB-64.0 MB]: 10 frames
      Requested Block Size 16.0 MB
      Peak Block count 4
      Peak Allocated memory 47.9 MB
      Peak Large allocation bytes 0 B
    [ALLOC_DEFAULT_THREAD]
      Peak usage frame count: [4.0 MB-8.0 MB]: 10 frames
      Requested Block Size 16.0 MB
      Peak Block count 1
      Peak Allocated memory 4.5 MB
      Peak Large allocation bytes 0 B
[ALLOC_TEMP_JOB_1_FRAME]
  Initial Block Size 2.0 MB
  Used Block Count 0
  Overflow Count (too large) 0
  Overflow Count (full) 0
[ALLOC_TEMP_JOB_2_FRAMES]
  Initial Block Size 2.0 MB
  Used Block Count 0
  Overflow Count (too large) 0
  Overflow Count (full) 0
[ALLOC_TEMP_JOB_4_FRAMES (JobTemp)]
  Initial Block Size 2.0 MB
  Used Block Count 1
  Overflow Count (too large) 0
  Overflow Count (full) 0
[ALLOC_TEMP_JOB_ASYNC (Background)]
  Initial Block Size 1.0 MB
  Used Block Count 1
  Overflow Count (too large) 0
  Overflow Count (full) 0
[ALLOC_GFX] Dual Thread Allocator
  Peak main deferred allocation count 0
    [ALLOC_BUCKET]
      Large Block size 32.0 MB
      Used Block count 1
      Peak Allocated bytes 7.3 MB
    [ALLOC_GFX_MAIN]
      Peak usage frame count: [4.0 MB-8.0 MB]: 5 frames, [64.0 MB-128.0 MB]: 5 frames
      Requested Block Size 16.0 MB
      Peak Block count 2
      Peak Allocated memory 68.4 MB
      Peak Large allocation bytes 46.6 MB
    [ALLOC_GFX_THREAD]
      Peak usage frame count: [0-1.0 KB]: 4 frames, [128.0 KB-256.0 KB]: 6 frames
      Requested Block Size 16.0 MB
      Peak Block count 1
      Peak Allocated memory 229.1 KB
      Peak Large allocation bytes 0 B
[ALLOC_CACHEOBJECTS] Dual Thread Allocator
  Peak main deferred allocation count 85
    [ALLOC_BUCKET]
      Large Block size 32.0 MB
      Used Block count 1
      Peak Allocated bytes 7.3 MB
    [ALLOC_CACHEOBJECTS_MAIN]
      Peak usage frame count: [8.0 MB-16.0 MB]: 9 frames, [16.0 MB-32.0 MB]: 1 frames
      Requested Block Size 4.0 MB
      Peak Block count 4
      Peak Allocated memory 22.2 MB
      Peak Large allocation bytes 10.7 MB
    [ALLOC_CACHEOBJECTS_THREAD]
      Peak usage frame count: [0-1.0 KB]: 2 frames, [1.0 KB-2.0 KB]: 2 frames, [128.0 KB-256.0 KB]: 1 frames, [256.0 KB-0.5 MB]: 4 frames, [2.0 MB-4.0 MB]: 1 frames
      Requested Block Size 4.0 MB
      Peak Block count 1
      Peak Allocated memory 2.4 MB
      Peak Large allocation bytes 0 B
[ALLOC_TYPETREE] Dual Thread Allocator
  Peak main deferred allocation count 497
    [ALLOC_BUCKET]
      Large Block size 32.0 MB
      Used Block count 1
      Peak Allocated bytes 7.3 MB
    [ALLOC_TYPETREE_MAIN]
      Peak usage frame count: [1.0 MB-2.0 MB]: 4 frames, [2.0 MB-4.0 MB]: 6 frames
      Requested Block Size 2.0 MB
      Peak Block count 2
      Peak Allocated memory 3.0 MB
      Peak Large allocation bytes 0 B
    [ALLOC_TYPETREE_THREAD]
      Peak usage frame count: [0-1.0 KB]: 4 frames, [8.0 KB-16.0 KB]: 1 frames, [64.0 KB-128.0 KB]: 4 frames, [256.0 KB-0.5 MB]: 1 frames
      Requested Block Size 2.0 MB
      Peak Block count 1
      Peak Allocated memory 366.6 KB
      Peak Large allocation bytes 0 B
[ALLOC_PROFILER]
  Peak usage frame count: [256.0 KB-0.5 MB]: 10 frames
  Requested Block Size 16.0 MB
  Peak Block count 1
  Peak Allocated memory 431.4 KB
  Peak Large allocation bytes 0 B
    [ALLOC_PROFILER_BUCKET]
      Large Block size 32.0 MB
      Used Block count 1
      Peak Allocated bytes 4.0 KB
[ALLOC_PROFILER_EDITOR]
  Peak usage frame count: [0-1.0 KB]: 10 frames
  Requested Block Size 1.0 MB
  Peak Block count 0
  Peak Allocated memory 0 B
  Peak Large allocation bytes 0 B
    [ALLOC_PROFILER_BUCKET]
      Large Block size 32.0 MB
      Used Block count 1
      Peak Allocated bytes 4.0 KB
##utp:{"type":"MemoryLeaks","version":2,"phase":"Immediate","time":1782888574505,"processId":33824,"allocatedMemory":15680444,"memoryLabels":[{"Default":20335},{"Permanent":15615},{"NewDelete":80880},{"Thread":4229188},{"Manager":30903},{"VertexData":204},{"Geometry":560},{"Texture":176},{"Shader":68850},{"Material":24},{"GfxDevice":57208},{"Animation":296},{"Audio":3928},{"FontEngine":272},{"Physics":513},{"Serialization":948},{"Input":14744},{"JobScheduler":33336},{"Mono":40},{"ScriptingNativeRuntime":191848},{"BaseObject":1627276},{"Resource":1360},{"Renderer":2304},{"Transform":16},{"File":3797},{"WebCam":96},{"Culling":40},{"Terrain":1137},{"Wind":24},{"STL":48},{"String":26817},{"DynamicArray":65263},{"HashMap":4635610},{"Utility":2662722},{"Curl":3405},{"PoolAlloc":1728},{"AI":104},{"TypeTree":5077},{"ScriptManager":640},{"RuntimeInitializeOnLoadManager":80},{"SpriteAtlas":128},{"GI":4792},{"Director":7960},{"CloudService":3040},{"WebRequest":688},{"VR":46081},{"SceneManager":568},{"Video":72},{"LazyScriptCache":40},{"NativeArray":12},{"Camera":25},{"Secure":1},{"SerializationCache":1584},{"APIUpdating":11872},{"Subsystems":392},{"VirtualTexturing":57896},{"StaticSafetyDebugInfo":327680},{"EditorGui":56},{"EditorUtility":17069},{"VersionControl":4},{"Undo":704},{"AssetDatabase":1363772},{"RestService":1414},{"EditorGi":376},{"License":3584},{"UnityConnect":25344},{"Collab":593},{"Upm":2032},{"DrivenProperties":96},{"LocalIPC":276},{"ProfilerEditor":10943},{"CoreBusinessMetrics":3858},{"AssetReference":40},{"IPCStream":40}]}
