[Licensing::Module] Trying to connect to existing licensing client channel...
[Licensing::IpcConnector] Channel LicenseClient-PC-54 doesn't exist
[Licensing::Module] Successfully launched the LicensingClient (PId: 8332)
[Licensing::IpcConnector] Successfully connected to: "LicenseClient-PC-54" at "2026-07-01T06:48:43.8765495Z"
[Licensing::Client] Code 10 while verifying Licensing Client signature (process Id: 8332, path: "C:/Program Files/Unity/Hub/Editor/2022.3.62f3/Editor/Data/Resources/Licensing/Client/Unity.Licensing.Client.exe")
[Licensing::Module] LicensingClient has failed validation; ignoring
[Licensing::Client] Handshaking with LicensingClient:
  Version:                 1.16.2+bdef8f5
  Session Id:              64112b4d840f4022a7ac8f90da5d5b0f
  Correlation Id:          c8b9a407b542891858126c790bcbccc0
  External correlation Id: 8363254651451084339
  Machine Id:              6z7xG4lA7tnd6/+sdSgd0G/nB8I=
[Licensing::Module] Successfully connected to LicensingClient on channel: "LicenseClient-PC-54" (connect: 1.31s, validation: 0.06s, handshake: 0.08s)
[Licensing::IpcConnector] Successfully connected to: "LicenseClient-PC-54-notifications" at "2026-07-01T06:48:44.0158971Z"
[Licensing::Module] Connected to LicensingClient (PId: 8332, launch time: 0.03, total connection time: 1.44s)
[Licensing::Module] Error: Access token is unavailable; failed to update
[Licensing::Client] Successfully updated license
Built from '2022.3/respin/2022.3.62f2-4af31df585-v2' branch; Version is '2022.3.62f3 (96770f904ca7) revision 9860879'; Using compiler version '192829333'; Build Type 'Release'
OS: 'Windows 11  (10.0.26200) 64bit Professional' Language: 'ko' Physical Memory: 32405 MB
[Licensing::Client] Successfully resolved entitlement details
[Licensing::Module] Serial number assigned to: "14569687781412-stoic-program-UnityPrXXXX"
BatchMode: 1, IsHumanControllingUs: 0, StartBugReporterOnCrash: 0, Is64bit: 1, IsPro: 1
[Licensing::Client] Successfully resolved entitlement details

COMMAND LINE ARGUMENTS:
C:\Program Files\Unity\Hub\Editor\2022.3.62f3\Editor\Unity.exe
-batchmode
-projectPath
C:\Development\12_NIKKE
-executeMethod
CommandLineEditModeTestRunner.Run
-logFile
C:\Development\12_NIKKE\_temp\editmode-final.log
Successfully changed project path to: C:\Development\12_NIKKE
C:/Development/12_NIKKE
[UnityMemory] Configuration Parameters - Can be set up in boot.config
    "memorysetup-bucket-allocator-granularity=16"
    "memorysetup-bucket-allocator-bucket-count=8"
    "memorysetup-bucket-allocator-block-size=33554432"
    "memorysetup-bucket-allocator-block-count=8"
    "memorysetup-main-allocator-block-size=16777216"
    "memorysetup-thread-allocator-block-size=16777216"
    "memorysetup-gfx-main-allocator-block-size=16777216"
    "memorysetup-gfx-thread-allocator-block-size=16777216"
    "memorysetup-cache-allocator-block-size=4194304"
    "memorysetup-typetree-allocator-block-size=2097152"
    "memorysetup-profiler-bucket-allocator-granularity=16"
    "memorysetup-profiler-bucket-allocator-bucket-count=8"
    "memorysetup-profiler-bucket-allocator-block-size=33554432"
    "memorysetup-profiler-bucket-allocator-block-count=8"
    "memorysetup-profiler-allocator-block-size=16777216"
    "memorysetup-profiler-editor-allocator-block-size=1048576"
    "memorysetup-temp-allocator-size-main=16777216"
    "memorysetup-job-temp-allocator-block-size=2097152"
    "memorysetup-job-temp-allocator-block-size-background=1048576"
    "memorysetup-job-temp-allocator-reduction-small-platforms=262144"
    "memorysetup-allocator-temp-initial-block-size-main=262144"
    "memorysetup-allocator-temp-initial-block-size-worker=262144"
    "memorysetup-temp-allocator-size-background-worker=32768"
    "memorysetup-temp-allocator-size-job-worker=262144"
    "memorysetup-temp-allocator-size-preload-manager=33554432"
    "memorysetup-temp-allocator-size-nav-mesh-worker=65536"
    "memorysetup-temp-allocator-size-audio-worker=65536"
    "memorysetup-temp-allocator-size-cloud-worker=32768"
    "memorysetup-temp-allocator-size-gi-baking-worker=262144"
    "memorysetup-temp-allocator-size-gfx=262144"
Player connection [42556]  Target information:

Player connection [42556]  * "[IP] 192.168.0.55 [Port] 55504 [Flags] 2 [Guid] 3442572257 [EditorId] 3442572257 [Version] 1048832 [Id] WindowsEditor(7,S2309-PC-54) [Debug] 1 [PackageName] WindowsEditor [ProjectName] Editor" 

Player connection [42556] Host joined multi-casting on [225.0.0.222:54997]...
Player connection [42556] Host joined alternative multi-casting on [225.0.0.222:34997]...
Input System module state changed to: Initialized.
[PhysX] Initialized MultithreadedTaskDispatcher with 12 workers.
[Package Manager] UpmClient::Connect -- Connected to IPC stream "Upm-41948" after 0.4 seconds.
[Package Manager] Restoring resolved packages state from cache
[Licensing::Client] Successfully resolved entitlement details
[Package Manager] Registered 35 packages:
  Packages from [https://packages.unity.com]:
    com.unity.test-framework@1.1.33 (location: C:\Development\12_NIKKE\Library\PackageCache\com.unity.test-framework@1.1.33)
    com.unity.ext.nunit@1.0.6 (location: C:\Development\12_NIKKE\Library\PackageCache\com.unity.ext.nunit@1.0.6)
  Built-in packages:
    com.unity.ugui@1.0.0 (location: C:\Development\12_NIKKE\Library\PackageCache\com.unity.ugui@1.0.0)
    com.unity.modules.ai@1.0.0 (location: C:\Development\12_NIKKE\Library\PackageCache\com.unity.modules.ai@1.0.0)
    com.unity.modules.androidjni@1.0.0 (location: C:\Development\12_NIKKE\Library\PackageCache\com.unity.modules.androidjni@1.0.0)
    com.unity.modules.animation@1.0.0 (location: C:\Development\12_NIKKE\Library\PackageCache\com.unity.modules.animation@1.0.0)
    com.unity.modules.assetbundle@1.0.0 (location: C:\Development\12_NIKKE\Library\PackageCache\com.unity.modules.assetbundle@1.0.0)
    com.unity.modules.audio@1.0.0 (location: C:\Development\12_NIKKE\Library\PackageCache\com.unity.modules.audio@1.0.0)
    com.unity.modules.cloth@1.0.0 (location: C:\Development\12_NIKKE\Library\PackageCache\com.unity.modules.cloth@1.0.0)
    com.unity.modules.director@1.0.0 (location: C:\Development\12_NIKKE\Library\PackageCache\com.unity.modules.director@1.0.0)
    com.unity.modules.imageconversion@1.0.0 (location: C:\Development\12_NIKKE\Library\PackageCache\com.unity.modules.imageconversion@1.0.0)
    com.unity.modules.imgui@1.0.0 (location: C:\Development\12_NIKKE\Library\PackageCache\com.unity.modules.imgui@1.0.0)
    com.unity.modules.jsonserialize@1.0.0 (location: C:\Development\12_NIKKE\Library\PackageCache\com.unity.modules.jsonserialize@1.0.0)
    com.unity.modules.particlesystem@1.0.0 (location: C:\Development\12_NIKKE\Library\PackageCache\com.unity.modules.particlesystem@1.0.0)
    com.unity.modules.physics@1.0.0 (location: C:\Development\12_NIKKE\Library\PackageCache\com.unity.modules.physics@1.0.0)
    com.unity.modules.physics2d@1.0.0 (location: C:\Development\12_NIKKE\Library\PackageCache\com.unity.modules.physics2d@1.0.0)
    com.unity.modules.screencapture@1.0.0 (location: C:\Development\12_NIKKE\Library\PackageCache\com.unity.modules.screencapture@1.0.0)
    com.unity.modules.terrain@1.0.0 (location: C:\Development\12_NIKKE\Library\PackageCache\com.unity.modules.terrain@1.0.0)
    com.unity.modules.terrainphysics@1.0.0 (location: C:\Development\12_NIKKE\Library\PackageCache\com.unity.modules.terrainphysics@1.0.0)
    com.unity.modules.tilemap@1.0.0 (location: C:\Development\12_NIKKE\Library\PackageCache\com.unity.modules.tilemap@1.0.0)
    com.unity.modules.ui@1.0.0 (location: C:\Development\12_NIKKE\Library\PackageCache\com.unity.modules.ui@1.0.0)
    com.unity.modules.uielements@1.0.0 (location: C:\Development\12_NIKKE\Library\PackageCache\com.unity.modules.uielements@1.0.0)
    com.unity.modules.umbra@1.0.0 (location: C:\Development\12_NIKKE\Library\PackageCache\com.unity.modules.umbra@1.0.0)
    com.unity.modules.unityanalytics@1.0.0 (location: C:\Development\12_NIKKE\Library\PackageCache\com.unity.modules.unityanalytics@1.0.0)
    com.unity.modules.unitywebrequest@1.0.0 (location: C:\Development\12_NIKKE\Library\PackageCache\com.unity.modules.unitywebrequest@1.0.0)
    com.unity.modules.unitywebrequestassetbundle@1.0.0 (location: C:\Development\12_NIKKE\Library\PackageCache\com.unity.modules.unitywebrequestassetbundle@1.0.0)
    com.unity.modules.unitywebrequestaudio@1.0.0 (location: C:\Development\12_NIKKE\Library\PackageCache\com.unity.modules.unitywebrequestaudio@1.0.0)
    com.unity.modules.unitywebrequesttexture@1.0.0 (location: C:\Development\12_NIKKE\Library\PackageCache\com.unity.modules.unitywebrequesttexture@1.0.0)
    com.unity.modules.unitywebrequestwww@1.0.0 (location: C:\Development\12_NIKKE\Library\PackageCache\com.unity.modules.unitywebrequestwww@1.0.0)
    com.unity.modules.vehicles@1.0.0 (location: C:\Development\12_NIKKE\Library\PackageCache\com.unity.modules.vehicles@1.0.0)
    com.unity.modules.video@1.0.0 (location: C:\Development\12_NIKKE\Library\PackageCache\com.unity.modules.video@1.0.0)
    com.unity.modules.vr@1.0.0 (location: C:\Development\12_NIKKE\Library\PackageCache\com.unity.modules.vr@1.0.0)
    com.unity.modules.wind@1.0.0 (location: C:\Development\12_NIKKE\Library\PackageCache\com.unity.modules.wind@1.0.0)
    com.unity.modules.xr@1.0.0 (location: C:\Development\12_NIKKE\Library\PackageCache\com.unity.modules.xr@1.0.0)
    com.unity.modules.subsystems@1.0.0 (location: C:\Development\12_NIKKE\Library\PackageCache\com.unity.modules.subsystems@1.0.0)
[Subsystems] No new subsystems found in resolved package list.
Package Manager log level set to [2]
[Package Manager] Done registering packages in 0.10 seconds
Refreshing native plugins compatible for Editor in 1.45 ms, found 0 plugins.
Preloading 0 native plugins for Editor in 0.00 ms.
Initialize engine version: 2022.3.62f3 (96770f904ca7)
[Subsystems] Discovering subsystems at path C:/Program Files/Unity/Hub/Editor/2022.3.62f3/Editor/Data/Resources/UnitySubsystems
[Subsystems] Discovering subsystems at path C:/Development/12_NIKKE/Assets
GfxDevice: creating device client; threaded=0; jobified=0
Direct3D:
    Version:  Direct3D 11.0 [level 11.1]
    Renderer: NVIDIA GeForce RTX 4060 Ti (ID=0x2803)
    Vendor:   NVIDIA
    VRAM:     7949 MB
    Driver:   32.0.15.8180
[Licensing::Client] Successfully resolved entitlement details
Initialize mono
Mono path[0] = 'C:/Program Files/Unity/Hub/Editor/2022.3.62f3/Editor/Data/Managed'
Mono path[1] = 'C:/Program Files/Unity/Hub/Editor/2022.3.62f3/Editor/Data/MonoBleedingEdge/lib/mono/unityjit-win32'
Mono config path = 'C:/Program Files/Unity/Hub/Editor/2022.3.62f3/Editor/Data/MonoBleedingEdge/etc'
Using monoOptions --debugger-agent=transport=dt_socket,embedding=1,server=y,suspend=n,address=127.0.0.1:56948
Using cacheserver namespaces - metadata:defaultmetadata, artifacts:defaultartifacts
Using cacheserver namespaces - metadata:defaultmetadata, artifacts:defaultartifacts
ImportWorker Server TCP listen port: 0
Begin MonoManager ReloadAssembly
Registering precompiled unity dll's ...
Register platform support module: C:/Program Files/Unity/Hub/Editor/2022.3.62f3/Editor/Data/PlaybackEngines/WebGLSupport/UnityEditor.WebGL.Extensions.dll
[Licensing::Client] Successfully resolved entitlement details
Register platform support module: C:/Program Files/Unity/Hub/Editor/2022.3.62f3/Editor/Data/PlaybackEngines/AndroidPlayer/UnityEditor.Android.Extensions.dll
Register platform support module: C:/Program Files/Unity/Hub/Editor/2022.3.62f3/Editor/Data/PlaybackEngines/WindowsStandaloneSupport/UnityEditor.WindowsStandalone.Extensions.dll
Registered in 0.033462 seconds.
- Loaded All Assemblies, in  0.382 seconds
Native extension for WindowsStandalone target not found
Native extension for Android target not found
Android Extension - Scanning For ADB Devices 5121 ms
Native extension for WebGL target not found
Mono: successfully reloaded assembly
- Finished resetting the current domain, in  5.356 seconds
Domain Reload Profiling: 5727ms
	BeginReloadAssembly (123ms)
		ExecutionOrderSort (0ms)
		DisableScriptedObjects (0ms)
		BackupInstance (0ms)
		ReleaseScriptingObjects (0ms)
		CreateAndSetChildDomain (1ms)
	RebuildCommonClasses (28ms)
	RebuildNativeTypeToScriptingClass (7ms)
	initialDomainReloadingComplete (98ms)
	LoadAllAssembliesAndSetupDomain (116ms)
		LoadAssemblies (110ms)
		RebuildTransferFunctionScriptingTraits (0ms)
		AnalyzeDomain (113ms)
			TypeCache.Refresh (111ms)
				TypeCache.ScanAssembly (101ms)
			ScanForSourceGeneratedMonoScriptInfo (0ms)
			ResolveRequiredComponents (0ms)
	FinalizeReload (5356ms)
		ReleaseScriptCaches (0ms)
		RebuildScriptCaches (0ms)
		SetupLoadedEditorAssemblies (5323ms)
			LogAssemblyErrors (0ms)
			InitializePlatformSupportModulesInManaged (5186ms)
			SetLoadedEditorAssemblies (4ms)
			RefreshPlugins (0ms)
			BeforeProcessingInitializeOnLoad (2ms)
			ProcessInitializeOnLoadAttributes (87ms)
			ProcessInitializeOnLoadMethodAttributes (44ms)
			AfterProcessingInitializeOnLoad (0ms)
			EditorAssembliesLoaded (0ms)
		ExecutionOrderSort2 (0ms)
		AwakeInstancesAfterBackupRestoration (0ms)
[Licensing::Client] Successfully resolved entitlement details
Application.AssetDatabase Initial Refresh Start
info: Microsoft.Hosting.Lifetime[14]
      Now listening on: http://localhost:80
info: Microsoft.Hosting.Lifetime[0]
      Application started. Press Ctrl+C to shut down.
info: Microsoft.Hosting.Lifetime[0]
      Hosting environment: Production
info: Microsoft.Hosting.Lifetime[0]
      Content root path: C:\Development\12_NIKKE\
info: Microsoft.AspNetCore.Hosting.Diagnostics[1]
      Request starting HTTP/2 POST http://ilpp/UnityILPP.PostProcessing/Ping application/grpc -
info: Microsoft.AspNetCore.Routing.EndpointMiddleware[0]
      Executing endpoint 'gRPC - /UnityILPP.PostProcessing/Ping'
info: Microsoft.AspNetCore.Routing.EndpointMiddleware[1]
      Executed endpoint 'gRPC - /UnityILPP.PostProcessing/Ping'
info: Microsoft.AspNetCore.Hosting.Diagnostics[2]
      Request finished HTTP/2 POST http://ilpp/UnityILPP.PostProcessing/Ping application/grpc - - 200 - application/grpc 46.8954ms
Starting: C:\Program Files\Unity\Hub\Editor\2022.3.62f3\Editor\Data\bee_backend.exe --ipc --defer-dag-verification --dagfile="Library/Bee/1900b0aE.dag" --continue-on-failure --profile="Library/Bee/backend1.traceevents" ScriptAssemblies
WorkingDir: C:/Development/12_NIKKE
DisplayProgressbar: Compiling Scripts
ExitCode: 0 Duration: 0s132ms
*** Tundra build success (0.07 seconds), 0 items updated, 152 evaluated
AssetDatabase: script compilation time: 0.769369s
Begin MonoManager ReloadAssembly
- Loaded All Assemblies, in  0.460 seconds
Refreshing native plugins compatible for Editor in 0.71 ms, found 0 plugins.
Preloading 0 native plugins for Editor in 0.00 ms.
Refreshing native plugins compatible for Editor in 0.65 ms, found 0 plugins.
Total cache size 266438615
Total cache size after purge 266438615
Native extension for WindowsStandalone target not found
Native extension for Android target not found
Native extension for WebGL target not found
Mono: successfully reloaded assembly
- Finished resetting the current domain, in  0.311 seconds
Domain Reload Profiling: 755ms
	BeginReloadAssembly (174ms)
		ExecutionOrderSort (0ms)
		DisableScriptedObjects (5ms)
		BackupInstance (0ms)
		ReleaseScriptingObjects (0ms)
		CreateAndSetChildDomain (30ms)
	RebuildCommonClasses (35ms)
	RebuildNativeTypeToScriptingClass (11ms)
	initialDomainReloadingComplete (52ms)
	LoadAllAssembliesAndSetupDomain (172ms)
		LoadAssemblies (246ms)
		RebuildTransferFunctionScriptingTraits (0ms)
		AnalyzeDomain (25ms)
			TypeCache.Refresh (21ms)
				TypeCache.ScanAssembly (15ms)
			ScanForSourceGeneratedMonoScriptInfo (2ms)
			ResolveRequiredComponents (1ms)
	FinalizeReload (312ms)
		ReleaseScriptCaches (0ms)
		RebuildScriptCaches (0ms)
		SetupLoadedEditorAssemblies (209ms)
			LogAssemblyErrors (0ms)
			InitializePlatformSupportModulesInManaged (19ms)
			SetLoadedEditorAssemblies (3ms)
			RefreshPlugins (0ms)
			BeforeProcessingInitializeOnLoad (48ms)
			ProcessInitializeOnLoadAttributes (101ms)
			ProcessInitializeOnLoadMethodAttributes (14ms)
			AfterProcessingInitializeOnLoad (24ms)
			EditorAssembliesLoaded (0ms)
		ExecutionOrderSort2 (0ms)
		AwakeInstancesAfterBackupRestoration (11ms)
Asset Pipeline Refresh (id=01938e37bd782474fbb58a5b4bd7cfc0): Total: 2.042 seconds - Initiated by InitialRefreshV2(ForceSynchronousImport)
	Summary:
		Imports: total=0 (actual=0, local cache=0, cache server=0)
		Asset DB Process Time: managed=0 ms, native=386 ms
		Asset DB Callback time: managed=9 ms, native=2 ms
		Scripting: domain reloads=1, domain reload time=837 ms, compile time=771 ms, other=34 ms
		Project Asset Count: scripts=764, non-scripts=220
		Asset File Changes: new=0, changed=0, moved=0, deleted=0
		Scan Filter Count: 0
	InvokeBeforeRefreshCallbacks: 2.493ms
	ApplyChangesToAssetFolders: 0.036ms
	Scan: 19.158ms
	OnSourceAssetsModified: 0.002ms
	GetAllGuidsForCategorization: 0.124ms
	CategorizeAssets: 12.664ms
	ImportOutOfDateAssets: 316.238ms (-458.004ms without children)
		CompileScripts: 771.143ms
		ReloadNativeAssets: 0.001ms
		UnloadImportedAssets: 2.782ms
		EnsureUptoDateAssetsAreRegisteredWithGuidPM: 0.137ms
		InitializingProgressBar: 0.002ms
		PostProcessAllAssetNotificationsAddChangedAssets: 0.000ms
		OnDemandSchedulerStart: 0.177ms
	PostProcessAllAssets: 9.811ms
	GatherAllCurrentPrimaryArtifactRevisions: 0.001ms
	UnloadStreamsBegin: 0.382ms
	PersistCurrentRevisions: 0.020ms
	UnloadStreamsEnd: 0.002ms
	GenerateScriptTypeHashes: 0.046ms
	Untracked: 1680.850ms
Application.AssetDatabase Initial Refresh End
Launched and connected shader compiler UnityShaderCompiler.exe after 0.05 seconds
Scanning for USB devices : 12.771ms
Initializing Unity extensions:
[Licensing::Client] Successfully resolved entitlement details
[MODES] ModeService[none].Initialize
[MODES] ModeService[none].LoadModes
[MODES] Loading mode Default (0) for mode-current-id-SquadVsMonster
[PhysX] Initialized MultithreadedTaskDispatcher with 12 workers.
ProgressiveSceneManager::Cancel()
Unloading 3 Unused Serialized files (Serialized files now loaded: 0)
Unloading 20 unused Assets / (470.3 KB). Loaded Objects now: 1073.
Memory consumption went from 87.3 MB to 86.8 MB.
Total: 2.471300 ms (FindLiveObjects: 0.114400 ms CreateObjectMapping: 0.014600 ms MarkObjects: 2.128400 ms  DeleteObjects: 0.213300 ms)

[Project] Loading completed in 13.126 seconds
	Project init time: 				9.471 seconds
		Template init time: 		0.000 seconds
		Package Manager init time: 		0.440 seconds
		Asset Database init time: 		0.205 seconds
		Global illumination init time: 	0.007 seconds
		Assemblies load time: 			5.776 seconds
		Unity extensions init time: 	0.001 seconds
		Asset Database refresh time: 	0.000 seconds
	Scene opening time: 			1.048 seconds
##utp:{"type":"ProjectInfo","version":2,"phase":"Immediate","time":1782888535654,"processId":41948,"projectLoad":13.12585,"projectInit":9.4709948,"templateInit":0.0,"packageManagerInit":0.4401973,"assetDatabaseInit":0.2052798,"globalIlluminationInit":0.0067257,"assembliesLoad":5.7755213,"unityExtensionsInit":0.0008318,"assetDatabaseRefresh":0.0,"sceneOpening":1.0479039}
##utp:{"type":"EditorInfo","version":2,"phase":"Immediate","time":1782888535654,"processId":41948,"editorVersion":"2022.3.62f3 (96770f904ca7)","branch":"2022.3/respin/2022.3.62f2-4af31df585-v2","buildType":"Release","platform":"Windows"}
[UnityConnectServicesConfig] config is NOT valid, switching to default
Created GICache directory at C:/Users/오진우/AppData/LocalLow/Unity/Caches/GiCache. Took: 0.030s, timestamps: [13.136 - 13.166]
gi::BakeBackendSwitch: switching bake backend from 3 to 1.
[00:00:00] Builtin Sky manager started.
[00:00:00] Finished 1 Bake Ambient Probe job (0.00s execute, 0.00s integrate, 0.06s wallclock)
[PhysX] Initialized MultithreadedTaskDispatcher with 12 workers.
Unloading 1 Unused Serialized files (Serialized files now loaded: 0)
Unloading 0 unused Assets / (0 B). Loaded Objects now: 1093.
Memory consumption went from 86.0 MB to 86.0 MB.
Total: 3.325500 ms (FindLiveObjects: 0.039800 ms CreateObjectMapping: 0.011500 ms MarkObjects: 3.267000 ms  DeleteObjects: 0.006800 ms)

DisplayProgressbar: Test Runner
Opening scene 'Assets/Scenes/Game.unity'
[PhysX] Initialized MultithreadedTaskDispatcher with 12 workers.
Unloading 21 Unused Serialized files (Serialized files now loaded: 0)
Loaded scene 'Assets/Scenes/Game.unity'
	Deserialize:            24.362 ms
	Integration:            34.233 ms
	Integration of assets:  22.439 ms
	Thread Wait Time:       24.318 ms
	Total Operation Time:   105.352 ms
Unloading 1 unused Assets / (0.5 KB). Loaded Objects now: 1855.
Memory consumption went from 150.3 MB to 150.2 MB.
Total: 2.643600 ms (FindLiveObjects: 0.166100 ms CreateObjectMapping: 0.017800 ms MarkObjects: 2.442000 ms  DeleteObjects: 0.017300 ms)

[PhysX] Initialized MultithreadedTaskDispatcher with 12 workers.
Unloading 11 Unused Serialized files (Serialized files now loaded: 0)
Unloading 65 unused Assets / (203.4 KB). Loaded Objects now: 1100.
Memory consumption went from 153.7 MB to 153.5 MB.
Total: 4.015200 ms (FindLiveObjects: 0.093700 ms CreateObjectMapping: 0.014500 ms MarkObjects: 3.694000 ms  DeleteObjects: 0.212000 ms)

Request timed out while processing request "https://public-cdn.cloud.unity3d.com/config/production", HTTP error code 0
.[UnityConnect] Request timed out.
Killing ADB server in 0.0642384 seconds.
Start importing ProjectSettings/ProjectSettings.asset using Guid(00000000000000004000000000000000) Importer(-1,00000000000000000000000000000000) [PhysX] Initialized MultithreadedTaskDispatcher with 12 workers.
 -> (artifact id: '5ba51ed4db06d34dad3fc2664601e6aa') in 0.010198 seconds
Refreshing native plugins compatible for Editor in 0.79 ms, found 0 plugins.
Preloading 0 native plugins for Editor in 0.00 ms.
Asset Pipeline Refresh (id=37b3a9b1004263648b317bf0197d84b7): Total: 0.044 seconds - Initiated by StopAssetImportingV2(NoUpdateAssetOptions)
[PhysX] Initialized MultithreadedTaskDispatcher with 12 workers.
Input System module state changed to: ShutdownInProgress.
Input System polling thread exited.
Input System module state changed to: Shutdown.
[Licensing::IpcConnector] LicenseClient-PC-54-notifications channel disconnected successfully.
[Licensing::IpcConnector] LicenseClient-PC-54 channel disconnected successfully.
Cleanup mono
abort_threads: Failed aborting id: 0000000000004720, mono_thread_manage will ignore it

abort_threads: Failed aborting id: 0000000000004200, mono_thread_manage will ignore it

abort_threads: Failed aborting id: 0000000000004720, mono_thread_manage will ignore it

abort_threads: Failed aborting id: 0000000000004200, mono_thread_manage will ignore it

debugger-agent: Unable to listen on 5116
[Performance] WinEditorMain                                                                                                  :        1 samples, Peak.  2.53 s (1.0x), Avg.  2.53 s, Total. 2.534 s (17.4%)
[Performance] WinEditorMain.ConfigureCrashHandler                                                                            :        1 samples, Peak.  21.4 us (1.0x), Avg.  21.4 us, Total. 21.40 us (0.0%)
[Performance] WinEditorMain.CurlRequestInitialize                                                                            :        1 samples, Peak.  2.53 ms (1.0x), Avg.  2.53 ms, Total. 2.531 ms (0.0%)
[Performance] WinEditorMain.SetupLogFile                                                                                     :        1 samples, Peak.   575 us (1.0x), Avg.   575 us, Total. 574.8 us (0.0%)
[Performance] WinEditorMain.RunNativeTestsIfRequiredAndExit                                                                  :        1 samples, Peak.   200 ns (1.0x), Avg.   200 ns, Total. 200.0 ns (0.0%)
[Performance] WinEditorMain.Licensing                                                                                        :        1 samples, Peak.  2.48 s (1.0x), Avg.  2.48 s, Total. 2.480 s (17.0%)
[Performance] WinEditorMain.InitializeCrashHandler                                                                           :        1 samples, Peak.  24.9 ms (1.0x), Avg.  24.9 ms, Total. 24.89 ms (0.2%)
[Performance] WinEditorMain.CreateApplication                                                                                :        1 samples, Peak.  20.9 ms (1.0x), Avg.  20.9 ms, Total. 20.88 ms (0.1%)
[Performance] Application.InitializeProject                                                                                  :        1 samples, Peak.  9.47 s (1.0x), Avg.  9.47 s, Total. 9.471 s (65.1%)
[Performance] Application.PackageManager.StartServer                                                                         :        1 samples, Peak.  14.0 ms (1.0x), Avg.  14.0 ms, Total. 13.95 ms (0.1%)
[Performance] Application.AcquireProjectLock                                                                                 :        1 samples, Peak.  18.0 ms (1.0x), Avg.  18.0 ms, Total. 17.99 ms (0.1%)
[Performance] Application.InitializeEngineNoGraphics                                                                         :        1 samples, Peak.  86.2 ms (1.0x), Avg.  86.2 ms, Total. 86.22 ms (0.6%)
[Performance] Application.PackageManager.Initialize                                                                          :        1 samples, Peak.   440 ms (1.0x), Avg.   440 ms, Total. 440.2 ms (3.0%)
[Performance] Connecting to Package Manager                                                                                  :       45 samples, Peak.   120 us (23.5x), Avg.  5.10 us, Total. 229.3 us (0.0%)
[Performance] Application.EngineGraphics.Initialize                                                                          :        1 samples, Peak.   344 ms (1.0x), Avg.   344 ms, Total. 343.9 ms (2.4%)
[Performance] Application.GI.Initialize                                                                                      :        1 samples, Peak.  6.73 ms (1.0x), Avg.  6.73 ms, Total. 6.730 ms (0.0%)
[Performance] Application.LoadAllDefaultResourcesFromEditor                                                                  :        1 samples, Peak.  2.10 ms (1.0x), Avg.  2.10 ms, Total. 2.096 ms (0.0%)
[Performance] Application.LoadMonoAssemblies                                                                                 :        1 samples, Peak.  5.78 s (1.0x), Avg.  5.78 s, Total. 5.776 s (39.7%)
[Performance] RestoreManagedReferences                                                                                       :        2 samples, Peak.  38.2 ms (2.0x), Avg.  19.1 ms, Total. 38.21 ms (0.3%)
[Performance] InitializeOnLoad DrivenRectTransformUndo                                                                       :        2 samples, Peak.   404 us (1.2x), Avg.   343 us, Total. 686.3 us (0.0%)
[Performance] InitializeOnLoad SceneSearch                                                                                   :        2 samples, Peak.  94.6 us (1.1x), Avg.  87.1 us, Total. 174.1 us (0.0%)
[Performance] InitializeOnLoad CloudBuild                                                                                    :        2 samples, Peak.  4.20 us (1.2x), Avg.  3.45 us, Total. 6.900 us (0.0%)
[Performance] InitializeOnLoad NativeFormatImporterUtility                                                                   :        2 samples, Peak.  1.94 ms (1.0x), Avg.  1.89 ms, Total. 3.788 ms (0.0%)
[Performance] InitializeOnLoad SearchService                                                                                 :        2 samples, Peak.   126 us (1.2x), Avg.   106 us, Total. 211.3 us (0.0%)
[Performance] InitializeOnLoad SettingsService                                                                               :        2 samples, Peak.  10.8 us (1.4x), Avg.  7.50 us, Total. 15.00 us (0.0%)
[Performance] InitializeOnLoad WindowLayout                                                                                  :        2 samples, Peak.   235 us (1.2x), Avg.   202 us, Total. 403.6 us (0.0%)
[Performance] InitializeOnLoad AssetStoreContext                                                                             :        2 samples, Peak.  18.6 ms (1.7x), Avg.  10.6 ms, Total. 21.28 ms (0.1%)
[Performance] InitializeOnLoad PoolManager                                                                                   :        2 samples, Peak.   511 us (1.1x), Avg.   456 us, Total. 911.4 us (0.0%)
[Performance] InitializeOnLoad MixerEffectDefinitionReloader                                                                 :        2 samples, Peak.  1.86 ms (1.3x), Avg.  1.46 ms, Total. 2.915 ms (0.0%)
[Performance] InitializeOnLoad ProjectSearch                                                                                 :        2 samples, Peak.  48.2 us (1.1x), Avg.  43.6 us, Total. 87.20 us (0.0%)
[Performance] InitializeOnLoad UISystemProfilerRenderService                                                                 :        2 samples, Peak.  5.90 us (1.1x), Avg.  5.20 us, Total. 10.40 us (0.0%)
[Performance] InitializeOnLoad EditMode                                                                                      :        2 samples, Peak.   339 us (1.0x), Avg.   338 us, Total. 675.3 us (0.0%)
[Performance] InitializeOnLoad UnityConnect                                                                                  :        2 samples, Peak.  37.4 us (1.1x), Avg.  34.5 us, Total. 68.90 us (0.0%)
[Performance] InitializeOnLoad ManagedDebugger                                                                               :        2 samples, Peak.   375 us (1.0x), Avg.   369 us, Total. 738.9 us (0.0%)
[Performance] InitializeOnLoad ShortcutIntegration                                                                           :        2 samples, Peak.  39.5 us (1.1x), Avg.  37.3 us, Total. 74.60 us (0.0%)
[Performance] InitializeOnLoad AddComponentWindow                                                                            :        2 samples, Peak.  70.1 us (1.0x), Avg.  67.4 us, Total. 134.8 us (0.0%)
[Performance] InitializeOnLoad ManagedDebuggerWindow                                                                         :        2 samples, Peak.  78.8 us (1.0x), Avg.  76.8 us, Total. 153.6 us (0.0%)
[Performance] InitializeOnLoad CacheServerWindow                                                                             :        2 samples, Peak.  6.70 us (1.2x), Avg.  5.60 us, Total. 11.20 us (0.0%)
[Performance] InitializeOnLoad PlayModeDownload                                                                              :        2 samples, Peak.  4.38 ms (2.0x), Avg.  2.23 ms, Total. 4.456 ms (0.0%)
[Performance] InitializeOnLoad MenuItems                                                                                     :        2 samples, Peak.  80.1 us (1.2x), Avg.  64.7 us, Total. 129.3 us (0.0%)
[Performance] InitializeOnLoad PrefabInstanceChangedListener                                                                 :        2 samples, Peak.  96.4 us (1.0x), Avg.  95.4 us, Total. 190.8 us (0.0%)
[Performance] InitializeOnLoad ObjectSelectorSearch                                                                          :        2 samples, Peak.  28.2 us (1.0x), Avg.  27.2 us, Total. 54.30 us (0.0%)
[Performance] InitializeOnLoad EditorMonitor                                                                                 :        2 samples, Peak.   505 us (1.2x), Avg.   409 us, Total. 817.7 us (0.0%)
[Performance] InitializeOnLoad RetainedMode                                                                                  :        2 samples, Peak.  2.20 ms (1.2x), Avg.  1.90 ms, Total. 3.804 ms (0.0%)
[Performance] InitializeOnLoad EditorShaderLoader                                                                            :        2 samples, Peak.   496 us (1.0x), Avg.   493 us, Total. 987.0 us (0.0%)
[Performance] InitializeOnLoad EditorDelegateRegistration                                                                    :        2 samples, Peak.   378 us (1.1x), Avg.   338 us, Total. 675.0 us (0.0%)
[Performance] InitializeOnLoad UIDocumentHierarchyWatcher                                                                    :        2 samples, Peak.  58.9 us (1.0x), Avg.  56.3 us, Total. 112.5 us (0.0%)
[Performance] InitializeOnLoad LiveReloadTrackerCreator                                                                      :        2 samples, Peak.   187 us (1.3x), Avg.   148 us, Total. 296.7 us (0.0%)
[Performance] InitializeOnLoad UxmlObjectEditorFactories                                                                     :        2 samples, Peak.   442 us (1.1x), Avg.   387 us, Total. 774.1 us (0.0%)
[Performance] InitializeOnLoad UXMLEditorFactories                                                                           :        2 samples, Peak.  45.1 ms (1.0x), Avg.  44.2 ms, Total. 88.30 ms (0.6%)
[Performance] InitializeOnLoad PurchasingService                                                                             :        2 samples, Peak.  5.53 ms (1.0x), Avg.  5.42 ms, Total. 10.85 ms (0.1%)
[Performance] InitializeOnLoad CloudBuildPoller                                                                              :        2 samples, Peak.  88.1 us (1.0x), Avg.  85.8 us, Total. 171.6 us (0.0%)
[Performance] InitializeOnLoad EditorGameServicesAnalytics                                                                   :        2 samples, Peak.  1.19 ms (1.3x), Avg.   914 us, Total. 1.828 ms (0.0%)
[Performance] InitializeOnLoad AnalyticsService                                                                              :        2 samples, Peak.   138 us (1.0x), Avg.   136 us, Total. 272.1 us (0.0%)
[Performance] InitializeOnLoad BuildService                                                                                  :        2 samples, Peak.   103 us (1.0x), Avg.   100 us, Total. 200.4 us (0.0%)
[Performance] InitializeOnLoad AdsService                                                                                    :        2 samples, Peak.   283 us (1.0x), Avg.   272 us, Total. 544.9 us (0.0%)
[Performance] InitializeOnLoad UDPService                                                                                    :        2 samples, Peak.   113 us (1.1x), Avg.   107 us, Total. 214.0 us (0.0%)
[Performance] InitializeOnLoad CrashService                                                                                  :        2 samples, Peak.  97.5 us (1.0x), Avg.  96.5 us, Total. 192.9 us (0.0%)
[Performance] InitializeOnLoad ServicesRepository                                                                            :        2 samples, Peak.   700 ns (1.6x), Avg.   450 ns, Total. 900.0 ns (0.0%)
[Performance] InitializeOnLoad SearchWindow                                                                                  :        2 samples, Peak.  99.5 us (1.1x), Avg.  91.5 us, Total. 183.0 us (0.0%)
[Performance] InitializeOnLoad CustomIndexers                                                                                :        2 samples, Peak.  14.6 ms (1.2x), Avg.  12.3 ms, Total. 24.64 ms (0.2%)
[Performance] InitializeOnLoad SearchMonitor                                                                                 :        2 samples, Peak.   718 us (1.0x), Avg.   708 us, Total. 1.416 ms (0.0%)
[Performance] InitializeOnLoad ParameterControllerEditor                                                                     :        2 samples, Peak.  17.2 us (1.0x), Avg.  17.1 us, Total. 34.10 us (0.0%)
[Performance] InitializeOnLoad LayerSettingsWindow                                                                           :        2 samples, Peak.  24.8 us (1.8x), Avg.  13.8 us, Total. 27.70 us (0.0%)
[Performance] InitializeOnLoad PackageManagerHookGUIDConverter.RegisterPackagesEventHandler                                  :        2 samples, Peak.   589 us (1.7x), Avg.   355 us, Total. 709.6 us (0.0%)
[Performance] InitializeOnLoad EditorDragAndDrop.RegisterEditorClient                                                        :        2 samples, Peak.   211 us (1.2x), Avg.   177 us, Total. 353.4 us (0.0%)
[Performance] InitializeOnLoad EditorEventCallbacks.InitializeFontAssetResourceChangeCallBacks                               :        2 samples, Peak.  1.11 ms (1.1x), Avg.   991 us, Total. 1.981 ms (0.0%)
[Performance] InitializeOnLoad SceneTemplateService.Init                                                                     :        2 samples, Peak.  1.12 ms (1.1x), Avg.  1.00 ms, Total. 2.007 ms (0.0%)
[Performance] InitializeOnLoad DiagnosticSwitchesConsoleMessage.Init                                                         :        2 samples, Peak.  11.4 ms (1.9x), Avg.  6.05 ms, Total. 12.10 ms (0.1%)
[Performance] InitializeOnLoad PackageManagerWindow.EditorInitializedInSafeMode                                              :        2 samples, Peak.  21.7 ms (2.0x), Avg.  10.9 ms, Total. 21.78 ms (0.1%)
[Performance] InitializeOnLoad ToolShortcutContext.Init                                                                      :        2 samples, Peak.   124 us (1.2x), Avg.   104 us, Total. 207.8 us (0.0%)
[Performance] InitializeOnLoad MemoryProfilerCompilationGuard.InjectCompileGuard                                             :        2 samples, Peak.  99.8 us (1.0x), Avg.  97.9 us, Total. 195.7 us (0.0%)
[Performance] InitializeOnLoad AssetPostprocessingInternal.RefreshCustomDependencies                                         :        2 samples, Peak.  3.08 ms (1.3x), Avg.  2.43 ms, Total. 4.865 ms (0.0%)
[Performance] InitializeOnLoad SysrootManager.Initialize                                                                     :        2 samples, Peak.  9.70 us (1.2x), Avg.  8.25 us, Total. 16.50 us (0.0%)
[Performance] InitializeOnLoad ScopedRegistryAddedPopup.SubscribeToRegistriesAdded                                           :        2 samples, Peak.  5.98 ms (2.0x), Avg.  3.04 ms, Total. 6.086 ms (0.0%)
[Performance] InitializeOnLoad SceneVisibilityManager.Initialize                                                             :        2 samples, Peak.  3.09 ms (1.5x), Avg.  2.01 ms, Total. 4.015 ms (0.0%)
[Performance] InitializeOnLoad EditorWindow.Initialize                                                                       :        2 samples, Peak.   258 us (1.1x), Avg.   232 us, Total. 464.4 us (0.0%)
[Performance] AssemblyReloadEvents.afterAssemblyReload: UnityEditor.SceneTemplate.SceneTemplateService.AfterAssemblyReload   :        2 samples, Peak.  3.30 ms (1.9x), Avg.  1.76 ms, Total. 3.511 ms (0.0%)
[Performance] ProcessService.EditorAfterLoadAllAssemblies                                                                    :        2 samples, Peak.   254 us (1.1x), Avg.   223 us, Total. 445.5 us (0.0%)
[Performance] Application.ReadLicenseInfo                                                                                    :        1 samples, Peak.  32.9 ms (1.0x), Avg.  32.9 ms, Total. 32.91 ms (0.2%)
[Performance] Application.InitialRefresh                                                                                     :        1 samples, Peak.  2.04 s (1.0x), Avg.  2.04 s, Total. 2.043 s (14.0%)
[Performance] Compiling Scripts                                                                                              :        1 samples, Peak.   769 ms (1.0x), Avg.   769 ms, Total. 769.4 ms (5.3%)
[Performance] AssemblyReloadEvents.beforeAssemblyReload: UnityEditor.SceneTemplate.SceneTemplateService.BeforeAssemblyReload :        1 samples, Peak.   411 us (1.0x), Avg.   411 us, Total. 410.9 us (0.0%)
[Performance] InitializeOnLoad BackgroundWatcher                                                                             :        1 samples, Peak.   154 us (1.0x), Avg.   154 us, Total. 154.1 us (0.0%)
[Performance] InitializeOnLoad UnityTestProtocolStarter                                                                      :        1 samples, Peak.   225 us (1.0x), Avg.   225 us, Total. 224.6 us (0.0%)
[Performance] InitializeOnLoad TestStarter                                                                                   :        1 samples, Peak.   586 us (1.0x), Avg.   586 us, Total. 585.7 us (0.0%)
[Performance] InitializeOnLoad RerunCallbackInitializer                                                                      :        1 samples, Peak.  4.22 ms (1.0x), Avg.  4.22 ms, Total. 4.218 ms (0.0%)
[Performance] InitializeOnLoad PrefabLayoutRebuilder                                                                         :        1 samples, Peak.   251 us (1.0x), Avg.   251 us, Total. 250.9 us (0.0%)
[Performance] InitializeOnLoad TestJobDataHolder.ResumeRunningJobs                                                           :        1 samples, Peak.  1.27 ms (1.0x), Avg.  1.27 ms, Total. 1.269 ms (0.0%)
[Performance] InitializeOnLoad AnalyticsReporter.RegisterCallbacks                                                           :        1 samples, Peak.   116 us (1.0x), Avg.   116 us, Total. 116.5 us (0.0%)
[Performance] DidReloadScriptsTestRunnerWindow.CompilationCallback                                                           :        1 samples, Peak.   638 us (1.0x), Avg.   638 us, Total. 637.8 us (0.0%)
[Performance] DidReloadScriptsTestListCache.ScriptReloaded                                                                   :        1 samples, Peak.  1.35 ms (1.0x), Avg.  1.35 ms, Total. 1.347 ms (0.0%)
[Performance] DidReloadScriptsAdvancedDropdownWindow.OnScriptReload                                                          :        1 samples, Peak.   232 us (1.0x), Avg.   232 us, Total. 232.1 us (0.0%)
[Performance] SyncVS.PostprocessSyncProject                                                                                  :        2 samples, Peak.  1.54 ms (1.9x), Avg.   804 us, Total. 1.607 ms (0.0%)
[Performance] Application.ImportPackagesAndSetTemplateWhenCreatingProject                                                    :        1 samples, Peak.  12.8 ms (1.0x), Avg.  12.8 ms, Total. 12.80 ms (0.1%)
[Performance] Application.SyncCurrentColorSpace                                                                              :        1 samples, Peak.   103 ms (1.0x), Avg.   103 ms, Total. 102.5 ms (0.7%)
[Performance] Application.OnUsbDevicesChanged                                                                                :        1 samples, Peak.  12.8 ms (1.0x), Avg.  12.8 ms, Total. 12.83 ms (0.1%)
[Performance] Application.AssetInstanceCacheUpdate                                                                           :        1 samples, Peak.   500 ns (1.0x), Avg.   500 ns, Total. 500.0 ns (0.0%)
[Performance] Application.UnityExtensions.Initialize                                                                         :        1 samples, Peak.   833 us (1.0x), Avg.   833 us, Total. 833.1 us (0.0%)
[Performance] CodeEditorProjectSync.SyncEditorProject                                                                        :        1 samples, Peak.   112 us (1.0x), Avg.   112 us, Total. 112.1 us (0.0%)
[Performance] Application.ExecuteStartups                                                                                    :        1 samples, Peak.  49.4 ms (1.0x), Avg.  49.4 ms, Total. 49.38 ms (0.3%)
[Performance] Menu.RegisterMenuInterface                                                                                     :       26 samples, Peak.   600 ns (3.8x), Avg.   158 ns, Total. 4.100 us (0.0%)
[Performance] Gizmo.RebuildRenderers                                                                                         :        1 samples, Peak.  48.8 ms (1.0x), Avg.  48.8 ms, Total. 48.79 ms (0.3%)
[Performance] Gizmo.AddGizmoRenderers                                                                                        :       31 samples, Peak.  1.96 ms (21.5x), Avg.  91.1 us, Total. 2.826 ms (0.0%)
[Performance] Application.editorInitializingProject                                                                          :        1 samples, Peak.   248 ms (1.0x), Avg.   248 ms, Total. 248.2 ms (1.7%)
[Performance] Application.FinishLoadingProject                                                                               :        1 samples, Peak.  1.05 s (1.0x), Avg.  1.05 s, Total. 1.048 s (7.2%)
[Performance] Application.InitializeMenu                                                                                     :        1 samples, Peak.   931 ms (1.0x), Avg.   931 ms, Total. 931.3 ms (6.4%)
[Performance] Menu.RebuildAll                                                                                                :        1 samples, Peak.   931 ms (1.0x), Avg.   931 ms, Total. 931.3 ms (6.4%)
[Performance] Menu.BuildRegisteredMenuInterfaces                                                                             :        1 samples, Peak.   929 ms (1.0x), Avg.   929 ms, Total. 929.2 ms (6.4%)
[Performance] Menu.FilterMenuItem                                                                                            :      555 samples, Peak.  14.4 ms (547.5x), Avg.  26.2 us, Total. 14.56 ms (0.1%)
[Performance] UpdateAllMenus                                                                                                 :        1 samples, Peak.   504 us (1.0x), Avg.   504 us, Total. 504.4 us (0.0%)
[Performance] Menu.RebuildOSMainMenu                                                                                         :        1 samples, Peak.  1.40 ms (1.0x), Avg.  1.40 ms, Total. 1.403 ms (0.0%)
[Performance] EditorSceneManager.sceneClosing: UnityEditor.SceneVisibilityManager.EditorSceneManagerOnSceneClosing           :        4 samples, Peak.   284 us (3.9x), Avg.  73.4 us, Total. 293.5 us (0.0%)
[Performance] GUIView.RepaintAll.PlayerLoopController                                                                        :       13 samples, Peak.  3.70 us (3.6x), Avg.  1.02 us, Total. 13.30 us (0.0%)
[Performance] EditorSceneManager.newSceneCreated: UnityEditor.SceneTemplate.SceneTemplateService.OnNewSceneCreated           :        3 samples, Peak.   192 us (3.0x), Avg.  65.2 us, Total. 195.5 us (0.0%)
[Performance] EditorSceneManager.newSceneCreated: UnityEditor.SceneVisibilityManager.EditorSceneManagerOnNewSceneCreated     :        3 samples, Peak.   123 us (2.6x), Avg.  46.6 us, Total. 139.8 us (0.0%)
[Performance] EditorSceneManager.newSceneCreated: UnityEditor.SceneManagement.StageNavigationManager.OnNewSceneCreated       :        3 samples, Peak.  40.6 us (2.8x), Avg.  14.3 us, Total. 42.90 us (0.0%)
[Performance] Application.InvokeFinishedLoadingProject                                                                       :        1 samples, Peak.  1.47 ms (1.0x), Avg.  1.47 ms, Total. 1.466 ms (0.0%)
[Performance] ProcessService.OnProjectLoaded                                                                                 :        1 samples, Peak.  32.3 us (1.0x), Avg.  32.3 us, Total. 32.30 us (0.0%)
[Performance] VersionControl.Task.Wait                                                                                       :        1 samples, Peak.  12.2 us (1.0x), Avg.  12.2 us, Total. 12.20 us (0.0%)
[Performance] Application.InvokeProjectWasLoaded                                                                             :        1 samples, Peak.  30.8 us (1.0x), Avg.  30.8 us, Total. 30.80 us (0.0%)
[Performance] Application.Message                                                                                            :       27 samples, Peak.  26.4 us (19.6x), Avg.  1.35 us, Total. 36.40 us (0.0%)
[Performance] Application.Message.WM_0031F                                                                                   :        1 samples, Peak.  10.4 us (1.0x), Avg.  10.4 us, Total. 10.40 us (0.0%)
[Performance] Application.Tick                                                                                               :       26 samples, Peak.   468 ms (16.4x), Avg.  28.5 ms, Total. 740.6 ms (5.1%)
[Performance] CheckLicensingClient                                                                                           :        1 samples, Peak.  9.20 us (1.0x), Avg.  9.20 us, Total. 9.200 us (0.0%)
[Performance] CheckLicensingClientNotification                                                                               :        1 samples, Peak.  13.7 us (1.0x), Avg.  13.7 us, Total. 13.70 us (0.0%)
[Performance] LicenseActivated.Tick                                                                                          :        1 samples, Peak.  8.40 us (1.0x), Avg.  8.40 us, Total. 8.400 us (0.0%)
[Performance] Application.TickVersionControl                                                                                 :       27 samples, Peak.  2.10 us (2.2x), Avg.   970 ns, Total. 26.20 us (0.0%)
[Performance] MonoCompiler.Tick                                                                                              :        3 samples, Peak.  4.50 us (2.5x), Avg.  1.80 us, Total. 5.400 us (0.0%)
[Performance] UnityConnect.Tick                                                                                              :        5 samples, Peak.  5.90 ms (4.9x), Avg.  1.19 ms, Total. 5.966 ms (0.0%)
[Performance] UnityVersionControl.Tick                                                                                       :        5 samples, Peak.  1.10 us (1.7x), Avg.   640 ns, Total. 3.200 us (0.0%)
[Performance] CurlRequest.Tick                                                                                               :        4 samples, Peak.  1.16 ms (4.0x), Avg.   292 us, Total. 1.169 ms (0.0%)
[Performance] HubClient.Tick                                                                                                 :        4 samples, Peak.  8.40 us (3.6x), Avg.  2.33 us, Total. 9.300 us (0.0%)
[Performance] AssetDatabase.Tick                                                                                             :        4 samples, Peak.  81.8 us (4.0x), Avg.  20.6 us, Total. 82.60 us (0.0%)
[Performance] SceneBackgroundTask.Tick                                                                                       :        3 samples, Peak.   700 ns (1.7x), Avg.   400 ns, Total. 1.200 us (0.0%)
[Performance] Scheduler.Tick                                                                                                 :       13 samples, Peak.  2.06 ms (12.6x), Avg.   163 us, Total. 2.117 ms (0.0%)
[Performance] RepaintAllProfilerWindows                                                                                      :        2 samples, Peak.   206 us (2.0x), Avg.   104 us, Total. 207.4 us (0.0%)
[Performance] PlayerUpdates.Tick                                                                                             :        5 samples, Peak.  33.7 us (1.7x), Avg.  20.1 us, Total. 100.6 us (0.0%)
[Performance] Application.TickGlobalCallbacks                                                                                :       27 samples, Peak.  31.0 ms (16.8x), Avg.  1.84 ms, Total. 49.78 ms (0.3%)
[Performance] CoreBusinessMetrics.Tick                                                                                       :        1 samples, Peak.  52.0 us (1.0x), Avg.  52.0 us, Total. 52.00 us (0.0%)
[Performance] EditorAnalytics.Tick                                                                                           :        2 samples, Peak.  22.3 us (1.5x), Avg.  14.9 us, Total. 29.70 us (0.0%)
[Performance] GI.Tick                                                                                                        :        5 samples, Peak.  12.7 ms (4.3x), Avg.  2.93 ms, Total. 14.64 ms (0.1%)
[Performance] Video.Update                                                                                                   :       27 samples, Peak.  8.30 us (12.8x), Avg.   648 ns, Total. 17.50 us (0.0%)
[Performance] UnitySynchronization.ExecuteTasks                                                                              :        5 samples, Peak.  4.00 us (1.2x), Avg.  3.32 us, Total. 16.60 us (0.0%)
[Performance] Application.TickPreloadManager                                                                                 :       27 samples, Peak.  8.10 us (3.5x), Avg.  2.33 us, Total. 62.80 us (0.0%)
[Performance] Application.TickProgress                                                                                       :       27 samples, Peak.  2.24 ms (26.2x), Avg.  85.6 us, Total. 2.312 ms (0.0%)
[Performance] Application.TickSceneTracker                                                                                   :       26 samples, Peak.   117 ms (10.5x), Avg.  11.2 ms, Total. 290.4 ms (2.0%)
[Performance] EditorApplication.update                                                                                       :       26 samples, Peak.   117 ms (10.5x), Avg.  11.2 ms, Total. 290.3 ms (2.0%)
[Performance] EditorApplication.update: UnityEditor.PackageManager.UI.Internal.ApplicationProxy.OnUpdate                     :       27 samples, Peak.   452 us (23.9x), Avg.  18.9 us, Total. 510.2 us (0.0%)
[Performance] EditorApplication.update: UnityEditor.SceneManagement.StageNavigationManager.Update                            :       27 samples, Peak.   263 us (26.0x), Avg.  10.1 us, Total. 272.7 us (0.0%)
[Performance] EditorApplication.update: UnityEditor.TestTools.TestRunner.TestRun.TestJobRunner.ExecuteStep                   :       27 samples, Peak.  41.1 ms (10.2x), Avg.  4.02 ms, Total. 108.6 ms (0.7%)
[Performance] ConsoleLog.Tick                                                                                                :        3 samples, Peak.  7.00 us (1.3x), Avg.  5.27 us, Total. 15.80 us (0.0%)
[Performance] HierarchyWindow.Tick                                                                                           :        4 samples, Peak.   508 us (2.5x), Avg.   204 us, Total. 816.8 us (0.0%)
[Performance] EditorApplication.hierarchyChanged: Unity.UIElements.Editor.UIDocumentHierarchyWatcher.OnHierarchyChanged      :        3 samples, Peak.   252 us (2.4x), Avg.   106 us, Total. 318.6 us (0.0%)
[Performance] Inspector.Tick                                                                                                 :        4 samples, Peak.  30.8 ms (4.0x), Avg.  7.71 ms, Total. 30.84 ms (0.2%)
[Performance] EditorApplication.delayCall: UnityEditor.ShortcutManagement.ShortcutIntegration.EnsureShortcutsAreInitialized  :        1 samples, Peak.  29.6 ms (1.0x), Avg.  29.6 ms, Total. 29.64 ms (0.2%)
[Performance] EditorApplication.delayCall: callback in UnityEditor.EditorTools.ToolShortcutContext                           :        1 samples, Peak.   896 us (1.0x), Avg.   896 us, Total. 896.2 us (0.0%)
[Performance] EditorApplication.delayCall: callback in UnityEditor.SceneVisibilityManager                                    :        1 samples, Peak.  77.6 us (1.0x), Avg.  77.6 us, Total. 77.60 us (0.0%)
[Performance] EditorApplication.delayCall: callback in UnityEditor.EditorWindow                                              :        1 samples, Peak.  30.4 us (1.0x), Avg.  30.4 us, Total. 30.40 us (0.0%)
[Performance] Tooltip.Tick                                                                                                   :        5 samples, Peak.  70.6 us (1.9x), Avg.  36.8 us, Total. 184.0 us (0.0%)
[Performance] Application.RequestRepaintForPanels                                                                            :       26 samples, Peak.   298 us (21.2x), Avg.  14.1 us, Total. 366.3 us (0.0%)
[Performance] Application.UpdateScene                                                                                        :       26 samples, Peak.   351 ms (25.8x), Avg.  13.6 ms, Total. 353.9 ms (2.4%)
[Performance] Application.UpdateTextureStreaming                                                                             :       26 samples, Peak.   600 ns (2.6x), Avg.   227 ns, Total. 5.900 us (0.0%)
[Performance] Application.UpdateVideoTextures                                                                                :       26 samples, Peak.   400 ns (3.2x), Avg.   123 ns, Total. 3.200 us (0.0%)
[Performance] PackageImporter.Tick                                                                                           :        2 samples, Peak.   600 ns (1.2x), Avg.   500 ns, Total. 1000.0 ns (0.0%)
[Performance] InspectorBackground.Tick                                                                                       :        3 samples, Peak.  1.90 us (2.3x), Avg.   833 ns, Total. 2.500 us (0.0%)
[Performance] BurstDebug.Tick                                                                                                :        2 samples, Peak.  1.00 us (1.3x), Avg.   750 ns, Total. 1.500 us (0.0%)
[Performance] Application.ChangeLayoutIfNeeded                                                                               :       26 samples, Peak.   200 ns (2.5x), Avg.  80.8 ns, Total. 2.100 us (0.0%)
[Performance] AsyncReadManager.ForceCloseFiles                                                                               :        1 samples, Peak.   188 us (1.0x), Avg.   188 us, Total. 187.9 us (0.0%)
[Performance] GUIView.RepaintAll.RepaintScene                                                                                :       16 samples, Peak.   700 ns (2.2x), Avg.   325 ns, Total. 5.200 us (0.0%)
[Performance] EditorApplication.update: UnityEditor.TestTools.TestRunner.EditModeRunnerCallback.DisplayProgressBar           :       11 samples, Peak.   193 us (6.1x), Avg.  31.7 us, Total. 348.3 us (0.0%)
[Performance] EditorApplication.update: UnityEditor.TestTools.TestRunner.EditModeRunner.TestConsumer                         :       10 samples, Peak.   117 ms (6.5x), Avg.  18.0 ms, Total. 179.7 ms (1.2%)
[Performance] SceneDataContainer.TransformHierarchyChangedSetParentCallback                                                  :       69 samples, Peak.  9.10 us (22.0x), Avg.   413 ns, Total. 28.50 us (0.0%)
[Performance] SceneVisibilityState.IsFlagSetInParents                                                                        :       69 samples, Peak.  1.90 us (11.1x), Avg.   171 ns, Total. 11.80 us (0.0%)
[Performance] EditorSceneManager.sceneOpening: UnityEditor.SceneVisibilityManager.EditorSceneManagerOnSceneOpening           :        1 samples, Peak.   173 us (1.0x), Avg.   173 us, Total. 173.3 us (0.0%)
[Performance] Inspector.InitOrRebuild                                                                                        :        1 samples, Peak.   472 us (1.0x), Avg.   472 us, Total. 472.3 us (0.0%)
[Performance] EditorSceneManager.sceneOpened: UnityEditor.SceneTemplate.SceneTemplateService.OnSceneOpened                   :        1 samples, Peak.   234 us (1.0x), Avg.   234 us, Total. 234.1 us (0.0%)
[Performance] EditorSceneManager.sceneOpened: UnityEditor.SceneVisibilityManager.EditorSceneManagerOnSceneOpened             :        1 samples, Peak.   118 us (1.0x), Avg.   118 us, Total. 117.7 us (0.0%)
[Performance] EditorSceneManager.sceneOpened: UnityEditor.SceneManagement.StageNavigationManager.OnSceneOpened               :        1 samples, Peak.  55.7 us (1.0x), Avg.  55.7 us, Total. 55.70 us (0.0%)
[Performance] Application.Shutdown.SaveDefaultWindowPreferences                                                              :        1 samples, Peak.   141 us (1.0x), Avg.   141 us, Total. 141.5 us (0.0%)
[Performance] Application.Shutdown.SaveSceneManagerSetup                                                                     :        1 samples, Peak.   508 us (1.0x), Avg.   508 us, Total. 508.3 us (0.0%)
[Performance] Application.Shutdown.CleanupAllContainerWindows                                                                :        1 samples, Peak.   800 ns (1.0x), Avg.   800 ns, Total. 800.0 ns (0.0%)
[Performance] EditorApplication.quitting: callback in UnityEditor.TextCore.Text.EditorEventCallbacks                         :        1 samples, Peak.  4.64 ms (1.0x), Avg.  4.64 ms, Total. 4.637 ms (0.0%)
[Performance] Killing ADB server                                                                                             :        1 samples, Peak.  65.5 ms (1.0x), Avg.  65.5 ms, Total. 65.53 ms (0.5%)
[Performance] Application.Shutdown.PauseProfilerSession                                                                      :        1 samples, Peak.  32.9 us (1.0x), Avg.  32.9 us, Total. 32.90 us (0.0%)
[Performance] Application.Shutdown.PauseAssetImportWorkers                                                                   :        1 samples, Peak.   221 us (1.0x), Avg.   221 us, Total. 221.0 us (0.0%)
[Performance] Application.Shutdown.SaveAssets                                                                                :        1 samples, Peak.  58.7 ms (1.0x), Avg.  58.7 ms, Total. 58.65 ms (0.4%)
[Performance] BuilderAssetModificationProcessor.OnWillSaveAssets                                                             :        1 samples, Peak.   391 us (1.0x), Avg.   391 us, Total. 391.4 us (0.0%)
[Performance] TerrainModificationProcessor.OnWillSaveAssets                                                                  :        1 samples, Peak.   447 us (1.0x), Avg.   447 us, Total. 447.3 us (0.0%)
[Performance] AssetDatabase.ImportAssets                                                                                     :        3 samples, Peak.  44.5 ms (3.0x), Avg.  14.8 ms, Total. 44.49 ms (0.3%)
[Performance] ShaderImporter.SourceAssetModified                                                                             :        1 samples, Peak.   200 ns (1.0x), Avg.   200 ns, Total. 200.0 ns (0.0%)
[Performance] ShaderIncludeImporter.SourceAssetModified                                                                      :        1 samples, Peak.   500 ns (1.0x), Avg.   500 ns, Total. 500.0 ns (0.0%)
[Performance] PresetManagerPostProcessor.OnPreprocessAsset                                                                   :        1 samples, Peak.   236 us (1.0x), Avg.   236 us, Total. 236.5 us (0.0%)
[Performance] CancelSplashScreenOnAssetChange.OnPreprocessAsset                                                              :        1 samples, Peak.   101 us (1.0x), Avg.   101 us, Total. 100.5 us (0.0%)
[Performance] BuilderAssetPostprocessor.OnPostprocessAllAssets                                                               :        2 samples, Peak.  3.34 ms (1.0x), Avg.  3.21 ms, Total. 6.420 ms (0.0%)
[Performance] ArtifactBrowserPostProcessor.OnPostprocessAllAssets                                                            :        2 samples, Peak.   573 us (1.0x), Avg.   571 us, Total. 1.142 ms (0.0%)
[Performance] AssetEvents.OnPostprocessAllAssets                                                                             :        4 samples, Peak.   187 us (1.5x), Avg.   123 us, Total. 492.7 us (0.0%)
[Performance] AudioMixerPostprocessor.OnPostprocessAllAssets                                                                 :        2 samples, Peak.   553 us (1.0x), Avg.   552 us, Total. 1.104 ms (0.0%)
[Performance] StyleCatalogPostProcessor.OnPostprocessAllAssets                                                               :        2 samples, Peak.  13.1 ms (1.0x), Avg.  13.1 ms, Total. 26.11 ms (0.2%)
[Performance] BuildCatalog                                                                                                   :        1 samples, Peak.  12.0 ms (1.0x), Avg.  12.0 ms, Total. 12.00 ms (0.1%)
[Performance] ModelImporterPostProcessor.OnPostprocessAllAssets                                                              :        2 samples, Peak.  1.26 ms (1.0x), Avg.  1.26 ms, Total. 2.515 ms (0.0%)
[Performance] RetainedModeAssetPostprocessor.OnPostprocessAllAssets                                                          :        2 samples, Peak.  2.32 ms (1.0x), Avg.  2.31 ms, Total. 4.627 ms (0.0%)
[Performance] AssetChangedListener.OnPostprocessAllAssets                                                                    :        2 samples, Peak.  1.75 ms (1.0x), Avg.  1.75 ms, Total. 3.502 ms (0.0%)
[Performance] SpeedTreePostProcessor.OnPostprocessAllAssets                                                                  :        2 samples, Peak.   176 us (1.0x), Avg.   175 us, Total. 349.2 us (0.0%)
[Performance] TextAssetPostProcessor.OnPostprocessAllAssets                                                                  :        2 samples, Peak.   468 us (1.0x), Avg.   467 us, Total. 933.7 us (0.0%)
[Performance] Application.Shutdown.CleanupRenderPipeline                                                                     :        1 samples, Peak.  2.10 us (1.0x), Avg.  2.10 us, Total. 2.100 us (0.0%)
[Performance] Application.Shutdown.StopPreloadManager                                                                        :        1 samples, Peak.  9.62 ms (1.0x), Avg.  9.62 ms, Total. 9.622 ms (0.1%)
[Performance] Application.Shutdown.DestroyWorld                                                                              :        1 samples, Peak.   419 us (1.0x), Avg.   419 us, Total. 418.7 us (0.0%)
[Performance] Application.Shutdown.CleanupAfterLoad                                                                          :        1 samples, Peak.  3.73 ms (1.0x), Avg.  3.73 ms, Total. 3.726 ms (0.0%)
[Performance] Application.Shutdown.Progress                                                                                  :        1 samples, Peak.  13.3 us (1.0x), Avg.  13.3 us, Total. 13.30 us (0.0%)
[Performance] Application.Shutdown.GICleanupManagers                                                                         :        1 samples, Peak.   718 us (1.0x), Avg.   718 us, Total. 717.7 us (0.0%)
[Performance] Application.Shutdown.MenuCleanupClass                                                                          :        1 samples, Peak.   150 us (1.0x), Avg.   150 us, Total. 149.9 us (0.0%)
[Performance] Application.Shutdown.ADBSaveStateBeforeShutdown                                                                :        1 samples, Peak.  7.90 us (1.0x), Avg.  7.90 us, Total. 7.900 us (0.0%)
[Performance] Application.Shutdown.RemoteShutdown                                                                            :        1 samples, Peak.   700 ns (1.0x), Avg.   700 ns, Total. 700.0 ns (0.0%)
[Performance] Application.Shutdown.CleanupVCProvider                                                                         :        1 samples, Peak.  9.60 us (1.0x), Avg.  9.60 us, Total. 9.600 us (0.0%)
[Performance] Application.Shutdown.InputShutdown                                                                             :        1 samples, Peak.   500 ns (1.0x), Avg.   500 ns, Total. 500.0 ns (0.0%)
[Performance] Application.Shutdown.GizmoManagerDestroy                                                                       :        1 samples, Peak.   575 us (1.0x), Avg.   575 us, Total. 574.8 us (0.0%)
[Performance] Application.Shutdown.ProfilerSession                                                                           :        1 samples, Peak.   131 us (1.0x), Avg.   131 us, Total. 131.4 us (0.0%)
[Performance] Application.Shutdown.ReleaseGfxWindowOnAllGUIViews                                                             :        1 samples, Peak.   200 ns (1.0x), Avg.   200 ns, Total. 200.0 ns (0.0%)
[Performance] Application.Shutdown.CleanupEngine                                                                             :        1 samples, Peak.  77.7 ms (1.0x), Avg.  77.7 ms, Total. 77.72 ms (0.5%)
[Performance] Application.Shutdown.CleanupAssetDatabase                                                                      :        1 samples, Peak.  6.91 ms (1.0x), Avg.  6.91 ms, Total. 6.908 ms (0.0%)
[Performance] Application.Shutdown.ScriptCompilationCleanUp                                                                  :        1 samples, Peak.  31.6 ms (1.0x), Avg.  31.6 ms, Total. 31.55 ms (0.2%)
[Performance] Application.Shutdown.DestroyJobSystem                                                                          :        1 samples, Peak.   103 us (1.0x), Avg.   103 us, Total. 103.0 us (0.0%)
[Performance] Application.Shutdown.CleanupPersistentManager                                                                  :        1 samples, Peak.   527 us (1.0x), Avg.   527 us, Total. 527.1 us (0.0%)
[Performance] Application.Shutdown.CleanupAsyncReadManager                                                                   :        1 samples, Peak.   336 us (1.0x), Avg.   336 us, Total. 335.5 us (0.0%)
[Performance] Application.Shutdown.CleanupProgressBar                                                                        :        1 samples, Peak.   600 ns (1.0x), Avg.   600 ns, Total. 600.0 ns (0.0%)
[Performance] Application.Shutdown.CleanupMono                                                                               :        1 samples, Peak.  66.1 ms (1.0x), Avg.  66.1 ms, Total. 66.07 ms (0.5%)
[Performance] Application.Shutdown.CleanupStdConverters                                                                      :        1 samples, Peak.  7.80 us (1.0x), Avg.  7.80 us, Total. 7.800 us (0.0%)
[Performance] Application.Shutdown.UnloadAllPlatformSupportModuleNativeDlls                                                  :        1 samples, Peak.   700 ns (1.0x), Avg.   700 ns, Total. 700.0 ns (0.0%)
[Performance] Application.Shutdown.UnloadAllPlatformSupportNativeLibraries                                                   :        1 samples, Peak.   100 ns (1.0x), Avg.   100 ns, Total. 100.0 ns (0.0%)
[Performance] Application.Shutdown.CleanupAutoDocumentation                                                                  :        1 samples, Peak.   327 us (1.0x), Avg.   327 us, Total. 326.9 us (0.0%)
[Performance] Application.Shutdown.ShaderNameManagerDestroy                                                                  :        1 samples, Peak.  67.3 us (1.0x), Avg.  67.3 us, Total. 67.30 us (0.0%)
[Performance] Application.Shutdown.CleanupCacheServer                                                                        :        1 samples, Peak. 100.0 ns (1.0x), Avg. 100.0 ns, Total. 100.00 ns (0.0%)
[Performance] Application.Shutdown.Virtualization_Shutdown                                                                   :        1 samples, Peak.   400 ns (1.0x), Avg.   400 ns, Total. 400.0 ns (0.0%)
[Performance] Application.Shutdown.DevConnections                                                                            :        1 samples, Peak.   228 us (1.0x), Avg.   228 us, Total. 227.9 us (0.0%)
Checking for leaked weakptr:
  Found no leaked weakptrs.
[Package Manager] Server::Kill -- Server was shutdown
Memory Statistics:
[ALLOC_TEMP_TLS] TLS Allocator
  StackAllocators : 
    [ALLOC_TEMP_CurlRequest]
      Initial Block Size 64.0 KB
      Current Block Size 64.0 KB
      Peak Allocated Bytes 0 B
      Overflow Count 0
    [ALLOC_TEMP_MAIN]
      Peak usage frame count: [4.0 KB-8.0 KB]: 5 frames, [8.0 KB-16.0 KB]: 1 frames, [128.0 KB-256.0 KB]: 2 frames, [1.0 MB-2.0 MB]: 1 frames, [8.0 MB-16.0 MB]: 1 frames
      Initial Block Size 16.0 MB
      Current Block Size 16.0 MB
      Peak Allocated Bytes 9.5 MB
      Overflow Count 0
    [ALLOC_TEMP_Background Job.Worker 8]
      Initial Block Size 32.0 KB
      Current Block Size 32.0 KB
      Peak Allocated Bytes 54 B
      Overflow Count 0
    [ALLOC_TEMP_Job.Worker 4]
      Initial Block Size 256.0 KB
      Current Block Size 0.8 MB
      Peak Allocated Bytes 0.8 MB
      Overflow Count 0
    [ALLOC_TEMP_AUDIO_FMOD mixer thread]
      Initial Block Size 64.0 KB
      Current Block Size 64.0 KB
      Peak Allocated Bytes 54 B
      Overflow Count 0
    [ALLOC_TEMP_BakingJobs.Worker 5]
      Initial Block Size 256.0 KB
      Current Block Size 256.0 KB
      Peak Allocated Bytes 54 B
      Overflow Count 0
    [ALLOC_TEMP_Background Job.Worker 11]
      Initial Block Size 32.0 KB
      Current Block Size 32.0 KB
      Peak Allocated Bytes 54 B
      Overflow Count 0
    [ALLOC_TEMP_Background Job.Worker 3]
      Initial Block Size 32.0 KB
      Current Block Size 32.0 KB
      Peak Allocated Bytes 66 B
      Overflow Count 0
    [ALLOC_TEMP_BatchDeleteObjects]
      Initial Block Size 64.0 KB
      Current Block Size 64.0 KB
      Peak Allocated Bytes 54 B
      Overflow Count 0
    [ALLOC_TEMP_CoreBusinessMetricsCache]
      Initial Block Size 64.0 KB
      Current Block Size 64.0 KB
      Peak Allocated Bytes 8.0 KB
      Overflow Count 0
    [ALLOC_TEMP_REST Message Handler]
      Initial Block Size 64.0 KB
      Current Block Size 64.0 KB
      Peak Allocated Bytes 54 B
      Overflow Count 0
    [ALLOC_TEMP_AssetDatabase.IOService]
      Initial Block Size 64.0 KB
      Current Block Size 64.0 KB
      Peak Allocated Bytes 54 B
      Overflow Count 0
    [ALLOC_TEMP_Background Job.Worker 2]
      Initial Block Size 32.0 KB
      Current Block Size 32.0 KB
      Peak Allocated Bytes 1.6 KB
      Overflow Count 0
    [ALLOC_TEMP_Job.Worker 10]
      Initial Block Size 256.0 KB
      Current Block Size 256.0 KB
      Peak Allocated Bytes 1.2 KB
      Overflow Count 0
    [ALLOC_TEMP_Loading.PreloadManager]
      Initial Block Size 32.0 MB
      Current Block Size 32.0 MB
      Peak Allocated Bytes 2.1 MB
      Overflow Count 0
    [ALLOC_TEMP_Profiler.Dispatcher]
      Initial Block Size 64.0 KB
      Current Block Size 64.0 KB
      Peak Allocated Bytes 0 B
      Overflow Count 0
    [ALLOC_TEMP_Job.Worker 3]
      Initial Block Size 256.0 KB
      Current Block Size 0.8 MB
      Peak Allocated Bytes 0.8 MB
      Overflow Count 0
    [ALLOC_TEMP_Background Job.Worker 5]
      Initial Block Size 32.0 KB
      Current Block Size 32.0 KB
      Peak Allocated Bytes 54 B
      Overflow Count 0
    [ALLOC_TEMP_CurlRequest]
      Initial Block Size 64.0 KB
      Current Block Size 64.0 KB
      Peak Allocated Bytes 1.4 KB
      Overflow Count 0
    [ALLOC_TEMP_Background Job.Worker 13]
      Initial Block Size 32.0 KB
      Current Block Size 32.0 KB
      Peak Allocated Bytes 54 B
      Overflow Count 0
    [ALLOC_TEMP_Job.Worker 2]
      Initial Block Size 256.0 KB
      Current Block Size 0.8 MB
      Peak Allocated Bytes 0.8 MB
      Overflow Count 0
    [ALLOC_TEMP_Job.Worker 0]
      Initial Block Size 256.0 KB
      Current Block Size 256.0 KB
      Peak Allocated Bytes 1.0 KB
      Overflow Count 0
    [ALLOC_TEMP_Job.Worker 6]
      Initial Block Size 256.0 KB
      Current Block Size 412.0 KB
      Peak Allocated Bytes 409.6 KB
      Overflow Count 0
    [ALLOC_TEMP_Job.Worker 5]
      Initial Block Size 256.0 KB
      Current Block Size 0.8 MB
      Peak Allocated Bytes 0.8 MB
      Overflow Count 0
    [ALLOC_TEMP_Background Job.Worker 9]
      Initial Block Size 32.0 KB
      Current Block Size 32.0 KB
      Peak Allocated Bytes 54 B
      Overflow Count 0
    [ALLOC_TEMP_EnlightenWorker] x 6
      Initial Block Size 64.0 KB
      Current Block Size 64.0 KB
      Peak Allocated Bytes 54 B
      Overflow Count 0
    [ALLOC_TEMP_DirMonitor]
      Initial Block Size 64.0 KB
      Current Block Size 64.0 KB
      Peak Allocated Bytes 0.6 KB
      Overflow Count 0
    [ALLOC_TEMP_Job.Worker 9]
      Initial Block Size 256.0 KB
      Current Block Size 412.0 KB
      Peak Allocated Bytes 409.6 KB
      Overflow Count 0
    [ALLOC_TEMP_BakingJobs.Worker 1]
      Initial Block Size 256.0 KB
      Current Block Size 256.0 KB
      Peak Allocated Bytes 0.6 KB
      Overflow Count 0
    [ALLOC_TEMP_Loading.AsyncRead]
      Initial Block Size 64.0 KB
      Current Block Size 64.0 KB
      Peak Allocated Bytes 128 B
      Overflow Count 0
    [ALLOC_TEMP_Background Job.Worker 10]
      Initial Block Size 32.0 KB
      Current Block Size 32.0 KB
      Peak Allocated Bytes 54 B
      Overflow Count 0
    [ALLOC_TEMP_Background Job.Worker 6]
      Initial Block Size 32.0 KB
      Current Block Size 32.0 KB
      Peak Allocated Bytes 54 B
      Overflow Count 0
    [ALLOC_TEMP_AUDIO_FMOD (WASAPI) feeder thread]
      Initial Block Size 64.0 KB
      Current Block Size 64.0 KB
      Peak Allocated Bytes 168 B
      Overflow Count 0
    [ALLOC_TEMP_Background Job.Worker 1]
      Initial Block Size 32.0 KB
      Current Block Size 144.0 KB
      Peak Allocated Bytes 111.2 KB
      Overflow Count 0
    [ALLOC_TEMP_AUDIO_FMOD stream thread]
      Initial Block Size 64.0 KB
      Current Block Size 64.0 KB
      Peak Allocated Bytes 54 B
      Overflow Count 0
    [ALLOC_TEMP_BakingJobs.Worker 2]
      Initial Block Size 256.0 KB
      Current Block Size 256.0 KB
      Peak Allocated Bytes 54 B
      Overflow Count 0
    [ALLOC_TEMP_Background Job.Worker 7]
      Initial Block Size 32.0 KB
      Current Block Size 32.0 KB
      Peak Allocated Bytes 54 B
      Overflow Count 0
    [ALLOC_TEMP_Job.Worker 8]
      Initial Block Size 256.0 KB
      Current Block Size 412.0 KB
      Peak Allocated Bytes 409.6 KB
      Overflow Count 0
    [ALLOC_TEMP_Job.Worker 1]
      Initial Block Size 256.0 KB
      Current Block Size 412.0 KB
      Peak Allocated Bytes 409.6 KB
      Overflow Count 0
    [ALLOC_TEMP_BakingJobs.Worker 0]
      Initial Block Size 256.0 KB
      Current Block Size 256.0 KB
      Peak Allocated Bytes 54 B
      Overflow Count 0
    [ALLOC_TEMP_BakingJobs.Worker 3]
      Initial Block Size 256.0 KB
      Current Block Size 256.0 KB
      Peak Allocated Bytes 54 B
      Overflow Count 0
    [ALLOC_TEMP_EditorTaskManager]
      Initial Block Size 64.0 KB
      Current Block Size 68.0 KB
      Peak Allocated Bytes 64.0 KB
      Overflow Count 0
    [ALLOC_TEMP_Background Job.Worker 15]
      Initial Block Size 32.0 KB
      Current Block Size 32.0 KB
      Peak Allocated Bytes 54 B
      Overflow Count 0
    [ALLOC_TEMP_BakingJobs.Worker 4]
      Initial Block Size 256.0 KB
      Current Block Size 256.0 KB
      Peak Allocated Bytes 54 B
      Overflow Count 0
    [ALLOC_TEMP_Background Job.Worker 12]
      Initial Block Size 32.0 KB
      Current Block Size 32.0 KB
      Peak Allocated Bytes 54 B
      Overflow Count 0
    [ALLOC_TEMP_HTTP REST Server]
      Initial Block Size 64.0 KB
      Current Block Size 64.0 KB
      Peak Allocated Bytes 78 B
      Overflow Count 0
    [ALLOC_TEMP_AssetGarbageCollectorHelper] x 11
      Initial Block Size 64.0 KB
      Current Block Size 64.0 KB
      Peak Allocated Bytes 0 B
      Overflow Count 0
    [ALLOC_TEMP_Background Job.Worker 0]
      Initial Block Size 32.0 KB
      Current Block Size 32.0 KB
      Peak Allocated Bytes 54 B
      Overflow Count 0
    [ALLOC_TEMP_Background Job.Worker 4]
      Initial Block Size 32.0 KB
      Current Block Size 32.0 KB
      Peak Allocated Bytes 54 B
      Overflow Count 0
    [ALLOC_TEMP_Background Job.Worker 14]
      Initial Block Size 32.0 KB
      Current Block Size 32.0 KB
      Peak Allocated Bytes 54 B
      Overflow Count 0
    [ALLOC_TEMP_Job.Worker 7]
      Initial Block Size 256.0 KB
      Current Block Size 412.0 KB
      Peak Allocated Bytes 409.6 KB
      Overflow Count 0
    [ALLOC_TEMP_CloudJob.Worker 0]
      Initial Block Size 32.0 KB
      Current Block Size 32.0 KB
      Peak Allocated Bytes 4.2 KB
      Overflow Count 0
[ALLOC_MEMORYPROFILER]
  Peak usage frame count: [32.0 KB-64.0 KB]: 5 frames, [64.0 KB-128.0 KB]: 5 frames
  Requested Block Size 1.0 MB
  Peak Block count 1
  Peak Allocated memory 107.7 KB
  Peak Large allocation bytes 0 B
[ALLOC_DEFAULT] Dual Thread Allocator
  Peak main deferred allocation count 1298
    [ALLOC_BUCKET]
      Large Block size 32.0 MB
      Used Block count 1
      Peak Allocated bytes 7.3 MB
    [ALLOC_DEFAULT_MAIN]
      Peak usage frame count: [32.0 MB-64.0 MB]: 10 frames
      Requested Block Size 16.0 MB
      Peak Block count 4
      Peak Allocated memory 47.9 MB
      Peak Large allocation bytes 0 B
    [ALLOC_DEFAULT_THREAD]
      Peak usage frame count: [4.0 MB-8.0 MB]: 10 frames
      Requested Block Size 16.0 MB
      Peak Block count 1
      Peak Allocated memory 4.5 MB
      Peak Large allocation bytes 0 B
[ALLOC_TEMP_JOB_1_FRAME]
  Initial Block Size 2.0 MB
  Used Block Count 0
  Overflow Count (too large) 0
  Overflow Count (full) 0
[ALLOC_TEMP_JOB_2_FRAMES]
  Initial Block Size 2.0 MB
  Used Block Count 0
  Overflow Count (too large) 0
  Overflow Count (full) 0
[ALLOC_TEMP_JOB_4_FRAMES (JobTemp)]
  Initial Block Size 2.0 MB
  Used Block Count 1
  Overflow Count (too large) 0
  Overflow Count (full) 0
[ALLOC_TEMP_JOB_ASYNC (Background)]
  Initial Block Size 1.0 MB
  Used Block Count 1
  Overflow Count (too large) 0
  Overflow Count (full) 0
[ALLOC_GFX] Dual Thread Allocator
  Peak main deferred allocation count 0
    [ALLOC_BUCKET]
      Large Block size 32.0 MB
      Used Block count 1
      Peak Allocated bytes 7.3 MB
    [ALLOC_GFX_MAIN]
      Peak usage frame count: [4.0 MB-8.0 MB]: 5 frames, [64.0 MB-128.0 MB]: 5 frames
      Requested Block Size 16.0 MB
      Peak Block count 2
      Peak Allocated memory 68.4 MB
      Peak Large allocation bytes 46.6 MB
    [ALLOC_GFX_THREAD]
      Peak usage frame count: [0-1.0 KB]: 5 frames, [32.0 KB-64.0 KB]: 4 frames, [64.0 KB-128.0 KB]: 1 frames
      Requested Block Size 16.0 MB
      Peak Block count 1
      Peak Allocated memory 96.9 KB
      Peak Large allocation bytes 0 B
[ALLOC_CACHEOBJECTS] Dual Thread Allocator
  Peak main deferred allocation count 85
    [ALLOC_BUCKET]
      Large Block size 32.0 MB
      Used Block count 1
      Peak Allocated bytes 7.3 MB
    [ALLOC_CACHEOBJECTS_MAIN]
      Peak usage frame count: [8.0 MB-16.0 MB]: 9 frames, [16.0 MB-32.0 MB]: 1 frames
      Requested Block Size 4.0 MB
      Peak Block count 4
      Peak Allocated memory 22.2 MB
      Peak Large allocation bytes 10.7 MB
    [ALLOC_CACHEOBJECTS_THREAD]
      Peak usage frame count: [0-1.0 KB]: 3 frames, [1.0 KB-2.0 KB]: 2 frames, [256.0 KB-0.5 MB]: 4 frames, [2.0 MB-4.0 MB]: 1 frames
      Requested Block Size 4.0 MB
      Peak Block count 1
      Peak Allocated memory 2.2 MB
      Peak Large allocation bytes 0 B
[ALLOC_TYPETREE] Dual Thread Allocator
  Peak main deferred allocation count 497
    [ALLOC_BUCKET]
      Large Block size 32.0 MB
      Used Block count 1
      Peak Allocated bytes 7.3 MB
    [ALLOC_TYPETREE_MAIN]
      Peak usage frame count: [1.0 MB-2.0 MB]: 4 frames, [2.0 MB-4.0 MB]: 6 frames
      Requested Block Size 2.0 MB
      Peak Block count 2
      Peak Allocated memory 2.7 MB
      Peak Large allocation bytes 0 B
    [ALLOC_TYPETREE_THREAD]
      Peak usage frame count: [0-1.0 KB]: 5 frames, [64.0 KB-128.0 KB]: 4 frames, [256.0 KB-0.5 MB]: 1 frames
      Requested Block Size 2.0 MB
      Peak Block count 1
      Peak Allocated memory 356.4 KB
      Peak Large allocation bytes 0 B
[ALLOC_PROFILER]
  Peak usage frame count: [256.0 KB-0.5 MB]: 10 frames
  Requested Block Size 16.0 MB
  Peak Block count 1
  Peak Allocated memory 0.5 MB
  Peak Large allocation bytes 0 B
    [ALLOC_PROFILER_BUCKET]
      Large Block size 32.0 MB
      Used Block count 1
      Peak Allocated bytes 4.2 KB
[ALLOC_PROFILER_EDITOR]
  Peak usage frame count: [0-1.0 KB]: 10 frames
  Requested Block Size 1.0 MB
  Peak Block count 0
  Peak Allocated memory 0 B
  Peak Large allocation bytes 0 B
    [ALLOC_PROFILER_BUCKET]
      Large Block size 32.0 MB
      Used Block count 1
      Peak Allocated bytes 4.2 KB
##utp:{"type":"MemoryLeaks","version":2,"phase":"Immediate","time":1782888537143,"processId":41948,"allocatedMemory":15676604,"memoryLabels":[{"Default":20335},{"Permanent":15615},{"NewDelete":81000},{"Thread":4229188},{"Manager":30903},{"VertexData":204},{"Geometry":560},{"Texture":176},{"Shader":68850},{"Material":24},{"GfxDevice":57208},{"Animation":296},{"Audio":3928},{"FontEngine":272},{"Physics":513},{"Serialization":948},{"Input":14744},{"JobScheduler":33296},{"Mono":40},{"ScriptingNativeRuntime":191848},{"BaseObject":1627276},{"Resource":1360},{"Renderer":2304},{"Transform":16},{"File":3797},{"WebCam":96},{"Culling":40},{"Terrain":1137},{"Wind":24},{"STL":48},{"String":24870},{"DynamicArray":65263},{"HashMap":4635610},{"Utility":2662722},{"Curl":1424},{"PoolAlloc":1728},{"AI":104},{"TypeTree":5077},{"ScriptManager":640},{"RuntimeInitializeOnLoadManager":80},{"SpriteAtlas":128},{"GI":4792},{"Director":7960},{"CloudService":3040},{"WebRequest":688},{"VR":46081},{"SceneManager":568},{"Video":72},{"LazyScriptCache":40},{"NativeArray":12},{"Camera":25},{"Secure":1},{"SerializationCache":1584},{"APIUpdating":11872},{"Subsystems":392},{"VirtualTexturing":57896},{"StaticSafetyDebugInfo":327680},{"EditorGui":56},{"EditorUtility":17037},{"VersionControl":4},{"Undo":704},{"AssetDatabase":1363812},{"RestService":1414},{"EditorGi":376},{"License":3584},{"UnityConnect":25344},{"Collab":593},{"Upm":2032},{"DrivenProperties":96},{"LocalIPC":276},{"ProfilerEditor":10943},{"CoreBusinessMetrics":3858},{"AssetReference":40},{"IPCStream":40}]}
